3 179 91 112
3 221 113 219
3 33 224 139
3 234 282 20
3 116 32 223
3 36 39 199
3 216 277 248
3 180 230 45
3 65 102 264
3 167 174 31
3 0 29 255
3 54 28 35
3 212 281 292
3 168 284 238
3 275 128 265
3 34 214 155
3 41 40 196
3 87 241 242
3 85 204 141
3 184 244 106
3 296 217 289
3 249 172 51
3 88 185 12
3 108 271 78
3 164 239 266
3 99 146 250
3 110 202 55
3 80 121 115
3 103 222 152
3 8 64 104
3 72 50 280
3 75 254 145
3 4 295 182
3 162 157 67
3 134 122 59
3 159 11 142
3 259 68 71
3 7 14 297
3 148 82 192
3 294 111 43
3 246 258 176
3 286 243 17
3 203 158 154
3 299 89 66
3 276 268 100
3 133 26 288
3 210 236 47
3 220 207 126
3 62 86 252
3 24 253 120
3 260 298 215
3 127 191 228
3 161 27 262
3 13 117 251
3 92 197 30
3 137 209 279
3 136 3 97
3 58 160 231
3 95 170 256
3 285 163 206
3 150 23 229
3 15 73 143
3 227 22 46
3 225 195 1
3 290 61 270
3 218 177 186
3 193 114 37
3 144 237 135
3 74 109 233
3 18 48 272
3 187 269 240
3 56 42 293
3 273 147 178
3 107 190 94
3 38 6 69
3 213 140 194
3 63 76 49
3 105 10 208
3 171 131 189
3 263 90 123
3 57 25 84
3 261 83 257
3 267 101 153
3 125 287 9
3 200 138 247
3 245 70 77
3 156 283 151
3 19 235 52
3 60 119 169
3 198 93 211
3 79 81 173
3 226 118 278
3 44 16 274
3 129 201 2
3 232 5 149
3 166 181 165
3 21 205 132
3 188 291 183
3 96 98 130
3 53 124 175
