31 201 81 162 243 324 405 486 567 648 729 810 891 972 1053 1134 1215 1296 1377 1458 1539 1620 1701 1782 1863 1944 2025 2106 2187 2268 2349 2430
31 0 82 163 244 325 406 487 568 649 730 811 892 973 1054 1135 1216 1297 1378 1459 1540 1621 1702 1783 1864 1945 2026 2107 2188 2269 2350 2431
31 2 83 164 245 326 407 488 569 650 731 812 893 974 1055 1136 1217 1298 1379 1460 1541 1622 1703 1784 1865 1946 2027 2108 2189 2270 2351 2432
31 3 84 165 246 327 408 489 570 651 732 813 894 975 1056 1137 1218 1299 1380 1461 1542 1623 1704 1785 1866 1947 2028 2109 2190 2271 2352 2433
31 4 85 166 247 328 409 490 571 652 733 814 895 976 1057 1138 1219 1300 1381 1462 1543 1624 1705 1786 1867 1948 2029 2110 2191 2272 2353 2434
31 5 86 167 248 329 410 491 572 653 734 815 896 977 1058 1139 1220 1301 1382 1463 1544 1625 1706 1787 1868 1949 2030 2111 2192 2273 2354 2435
31 6 87 168 249 330 411 492 573 654 735 816 897 978 1059 1140 1221 1302 1383 1464 1545 1626 1707 1788 1869 1950 2031 2112 2193 2274 2355 2436
31 7 88 169 250 331 412 493 574 655 736 817 898 979 1060 1141 1222 1303 1384 1465 1546 1627 1708 1789 1870 1951 2032 2113 2194 2275 2356 2437
31 8 89 170 251 332 413 494 575 656 737 818 899 980 1061 1142 1223 1304 1385 1466 1547 1628 1709 1790 1871 1952 2033 2114 2195 2276 2357 2438
31 9 90 171 252 333 414 495 576 657 738 819 900 981 1062 1143 1224 1305 1386 1467 1548 1629 1710 1791 1872 1953 2034 2115 2196 2277 2358 2439
31 10 91 172 253 334 415 496 577 658 739 820 901 982 1063 1144 1225 1306 1387 1468 1549 1630 1711 1792 1873 1954 2035 2116 2197 2278 2359 2440
31 11 92 173 254 335 416 497 578 659 740 821 902 983 1064 1145 1226 1307 1388 1469 1550 1631 1712 1793 1874 1955 2036 2117 2198 2279 2360 2441
31 12 93 174 255 336 417 498 579 660 741 822 903 984 1065 1146 1227 1308 1389 1470 1551 1632 1713 1794 1875 1956 2037 2118 2199 2280 2361 2442
31 13 94 175 256 337 418 499 580 661 742 823 904 985 1066 1147 1228 1309 1390 1471 1552 1633 1714 1795 1876 1957 2038 2119 2200 2281 2362 2443
31 14 95 176 257 338 419 500 581 662 743 824 905 986 1067 1148 1229 1310 1391 1472 1553 1634 1715 1796 1877 1958 2039 2120 2201 2282 2363 2444
31 15 96 177 258 339 420 501 582 663 744 825 906 987 1068 1149 1230 1311 1392 1473 1554 1635 1716 1797 1878 1959 2040 2121 2202 2283 2364 2445
31 16 97 178 259 340 421 502 583 664 745 826 907 988 1069 1150 1231 1312 1393 1474 1555 1636 1717 1798 1879 1960 2041 2122 2203 2284 2365 2446
31 17 98 179 260 341 422 503 584 665 746 827 908 989 1070 1151 1232 1313 1394 1475 1556 1637 1718 1799 1880 1961 2042 2123 2204 2285 2366 2447
31 18 99 180 261 342 423 504 585 666 747 828 909 990 1071 1152 1233 1314 1395 1476 1557 1638 1719 1800 1881 1962 2043 2124 2205 2286 2367 2448
31 19 100 181 262 343 424 505 586 667 748 829 910 991 1072 1153 1234 1315 1396 1477 1558 1639 1720 1801 1882 1963 2044 2125 2206 2287 2368 2449
31 20 101 182 263 344 425 506 587 668 749 830 911 992 1073 1154 1235 1316 1397 1478 1559 1640 1721 1802 1883 1964 2045 2126 2207 2288 2369 2450
31 21 102 183 264 345 426 507 588 669 750 831 912 993 1074 1155 1236 1317 1398 1479 1560 1641 1722 1803 1884 1965 2046 2127 2208 2289 2370 2451
31 22 103 184 265 346 427 508 589 670 751 832 913 994 1075 1156 1237 1318 1399 1480 1561 1642 1723 1804 1885 1966 2047 2128 2209 2290 2371 2452
31 23 104 185 266 347 428 509 590 671 752 833 914 995 1076 1157 1238 1319 1400 1481 1562 1643 1724 1805 1886 1967 2048 2129 2210 2291 2372 2453
31 24 105 186 267 348 429 510 591 672 753 834 915 996 1077 1158 1239 1320 1401 1482 1563 1644 1725 1806 1887 1968 2049 2130 2211 2292 2373 2454
31 25 106 187 268 349 430 511 592 673 754 835 916 997 1078 1159 1240 1321 1402 1483 1564 1645 1726 1807 1888 1969 2050 2131 2212 2293 2374 2455
31 26 107 188 269 350 431 512 593 674 755 836 917 998 1079 1160 1241 1322 1403 1484 1565 1646 1727 1808 1889 1970 2051 2132 2213 2294 2375 2456
31 27 108 189 270 351 432 513 594 675 756 837 918 999 1080 1161 1242 1323 1404 1485 1566 1647 1728 1809 1890 1971 2052 2133 2214 2295 2376 2457
31 28 109 190 271 352 433 514 595 676 757 838 919 1000 1081 1162 1243 1324 1405 1486 1567 1648 1729 1810 1891 1972 2053 2134 2215 2296 2377 2458
31 29 110 191 272 353 434 515 596 677 758 839 920 1001 1082 1163 1244 1325 1406 1487 1568 1649 1730 1811 1892 1973 2054 2135 2216 2297 2378 2459
31 30 111 192 273 354 435 516 597 678 759 840 921 1002 1083 1164 1245 1326 1407 1488 1569 1650 1731 1812 1893 1974 2055 2136 2217 2298 2379 2460
31 31 112 193 274 355 436 517 598 679 760 841 922 1003 1084 1165 1246 1327 1408 1489 1570 1651 1732 1813 1894 1975 2056 2137 2218 2299 2380 2461
31 32 113 194 275 356 437 518 599 680 761 842 923 1004 1085 1166 1247 1328 1409 1490 1571 1652 1733 1814 1895 1976 2057 2138 2219 2300 2381 2462
31 33 114 195 276 357 438 519 600 681 762 843 924 1005 1086 1167 1248 1329 1410 1491 1572 1653 1734 1815 1896 1977 2058 2139 2220 2301 2382 2463
31 34 115 196 277 358 439 520 601 682 763 844 925 1006 1087 1168 1249 1330 1411 1492 1573 1654 1735 1816 1897 1978 2059 2140 2221 2302 2383 2464
31 35 116 197 278 359 440 521 602 683 764 845 926 1007 1088 1169 1250 1331 1412 1493 1574 1655 1736 1817 1898 1979 2060 2141 2222 2303 2384 2465
31 36 117 198 279 360 441 522 603 684 765 846 927 1008 1089 1170 1251 1332 1413 1494 1575 1656 1737 1818 1899 1980 2061 2142 2223 2304 2385 2466
31 37 118 199 280 361 442 523 604 685 766 847 928 1009 1090 1171 1252 1333 1414 1495 1576 1657 1738 1819 1900 1981 2062 2143 2224 2305 2386 2467
31 38 119 200 281 362 443 524 605 686 767 848 929 1010 1091 1172 1253 1334 1415 1496 1577 1658 1739 1820 1901 1982 2063 2144 2225 2306 2387 2468
31 39 120 1 282 363 444 525 606 687 768 849 930 1011 1092 1173 1254 1335 1416 1497 1578 1659 1740 1821 1902 1983 2064 2145 2226 2307 2388 2469
31 40 121 202 283 364 445 526 607 688 769 850 931 1012 1093 1174 1255 1336 1417 1498 1579 1660 1741 1822 1903 1984 2065 2146 2227 2308 2389 2470
31 41 122 203 284 365 446 527 608 689 770 851 932 1013 1094 1175 1256 1337 1418 1499 1580 1661 1742 1823 1904 1985 2066 2147 2228 2309 2390 2471
31 42 123 204 285 366 447 528 609 690 771 852 933 1014 1095 1176 1257 1338 1419 1500 1581 1662 1743 1824 1905 1986 2067 2148 2229 2310 2391 2472
31 43 124 205 286 367 448 529 610 691 772 853 934 1015 1096 1177 1258 1339 1420 1501 1582 1663 1744 1825 1906 1987 2068 2149 2230 2311 2392 2473
31 44 125 206 287 368 449 530 611 692 773 854 935 1016 1097 1178 1259 1340 1421 1502 1583 1664 1745 1826 1907 1988 2069 2150 2231 2312 2393 2474
31 45 126 207 288 369 450 531 612 693 774 855 936 1017 1098 1179 1260 1341 1422 1503 1584 1665 1746 1827 1908 1989 2070 2151 2232 2313 2394 2475
31 46 127 208 289 370 451 532 613 694 775 856 937 1018 1099 1180 1261 1342 1423 1504 1585 1666 1747 1828 1909 1990 2071 2152 2233 2314 2395 2476
31 47 128 209 290 371 452 533 614 695 776 857 938 1019 1100 1181 1262 1343 1424 1505 1586 1667 1748 1829 1910 1991 2072 2153 2234 2315 2396 2477
31 48 129 210 291 372 453 534 615 696 777 858 939 1020 1101 1182 1263 1344 1425 1506 1587 1668 1749 1830 1911 1992 2073 2154 2235 2316 2397 2478
31 49 130 211 292 373 454 535 616 697 778 859 940 1021 1102 1183 1264 1345 1426 1507 1588 1669 1750 1831 1912 1993 2074 2155 2236 2317 2398 2479
31 50 131 212 293 374 455 536 617 698 779 860 941 1022 1103 1184 1265 1346 1427 1508 1589 1670 1751 1832 1913 1994 2075 2156 2237 2318 2399 2480
31 51 132 213 294 375 456 537 618 699 780 861 942 1023 1104 1185 1266 1347 1428 1509 1590 1671 1752 1833 1914 1995 2076 2157 2238 2319 2400 2481
31 52 133 214 295 376 457 538 619 700 781 862 943 1024 1105 1186 1267 1348 1429 1510 1591 1672 1753 1834 1915 1996 2077 2158 2239 2320 2401 2482
31 53 134 215 296 377 458 539 620 701 782 863 944 1025 1106 1187 1268 1349 1430 1511 1592 1673 1754 1835 1916 1997 2078 2159 2240 2321 2402 2483
31 54 135 216 297 378 459 540 621 702 783 864 945 1026 1107 1188 1269 1350 1431 1512 1593 1674 1755 1836 1917 1998 2079 2160 2241 2322 2403 2484
31 55 136 217 298 379 460 541 622 703 784 865 946 1027 1108 1189 1270 1351 1432 1513 1594 1675 1756 1837 1918 1999 2080 2161 2242 2323 2404 2485
31 56 137 218 299 380 461 542 623 704 785 866 947 1028 1109 1190 1271 1352 1433 1514 1595 1676 1757 1838 1919 2000 2081 2162 2243 2324 2405 2486
31 57 138 219 300 381 462 543 624 705 786 867 948 1029 1110 1191 1272 1353 1434 1515 1596 1677 1758 1839 1920 2001 2082 2163 2244 2325 2406 2487
31 58 139 220 301 382 463 544 625 706 787 868 949 1030 1111 1192 1273 1354 1435 1516 1597 1678 1759 1840 1921 2002 2083 2164 2245 2326 2407 2488
31 59 140 221 302 383 464 545 626 707 788 869 950 1031 1112 1193 1274 1355 1436 1517 1598 1679 1760 1841 1922 2003 2084 2165 2246 2327 2408 2489
31 60 141 222 303 384 465 546 627 708 789 870 951 1032 1113 1194 1275 1356 1437 1518 1599 1680 1761 1842 1923 2004 2085 2166 2247 2328 2409 2490
31 61 142 223 304 385 466 547 628 709 790 871 952 1033 1114 1195 1276 1357 1438 1519 1600 1681 1762 1843 1924 2005 2086 2167 2248 2329 2410 2491
31 62 143 224 305 386 467 548 629 710 791 872 953 1034 1115 1196 1277 1358 1439 1520 1601 1682 1763 1844 1925 2006 2087 2168 2249 2330 2411 2492
31 63 144 225 306 387 468 549 630 711 792 873 954 1035 1116 1197 1278 1359 1440 1521 1602 1683 1764 1845 1926 2007 2088 2169 2250 2331 2412 2493
31 64 145 226 307 388 469 550 631 712 793 874 955 1036 1117 1198 1279 1360 1441 1522 1603 1684 1765 1846 1927 2008 2089 2170 2251 2332 2413 2494
31 65 146 227 308 389 470 551 632 713 794 875 956 1037 1118 1199 1280 1361 1442 1523 1604 1685 1766 1847 1928 2009 2090 2171 2252 2333 2414 2495
31 66 147 228 309 390 471 552 633 714 795 876 957 1038 1119 1200 1281 1362 1443 1524 1605 1686 1767 1848 1929 2010 2091 2172 2253 2334 2415 2496
31 67 148 229 310 391 472 553 634 715 796 877 958 1039 1120 1201 1282 1363 1444 1525 1606 1687 1768 1849 1930 2011 2092 2173 2254 2335 2416 2497
31 68 149 230 311 392 473 554 635 716 797 878 959 1040 1121 1202 1283 1364 1445 1526 1607 1688 1769 1850 1931 2012 2093 2174 2255 2336 2417 2498
31 69 150 231 312 393 474 555 636 717 798 879 960 1041 1122 1203 1284 1365 1446 1527 1608 1689 1770 1851 1932 2013 2094 2175 2256 2337 2418 2499
31 70 151 232 313 394 475 556 637 718 799 880 961 1042 1123 1204 1285 1366 1447 1528 1609 1690 1771 1852 1933 2014 2095 2176 2257 2338 2419 2500
31 71 152 233 314 395 476 557 638 719 800 881 962 1043 1124 1205 1286 1367 1448 1529 1610 1691 1772 1853 1934 2015 2096 2177 2258 2339 2420 2501
31 72 153 234 315 396 477 558 639 720 801 882 963 1044 1125 1206 1287 1368 1449 1530 1611 1692 1773 1854 1935 2016 2097 2178 2259 2340 2421 2502
31 73 154 235 316 397 478 559 640 721 802 883 964 1045 1126 1207 1288 1369 1450 1531 1612 1693 1774 1855 1936 2017 2098 2179 2260 2341 2422 2503
31 74 155 236 317 398 479 560 641 722 803 884 965 1046 1127 1208 1289 1370 1451 1532 1613 1694 1775 1856 1937 2018 2099 2180 2261 2342 2423 2504
31 75 156 237 318 399 480 561 642 723 804 885 966 1047 1128 1209 1290 1371 1452 1533 1614 1695 1776 1857 1938 2019 2100 2181 2262 2343 2424 2505
31 76 157 238 319 400 481 562 643 724 805 886 967 1048 1129 1210 1291 1372 1453 1534 1615 1696 1777 1858 1939 2020 2101 2182 2263 2344 2425 2506
31 77 158 239 320 401 482 563 644 725 806 887 968 1049 1130 1211 1292 1373 1454 1535 1616 1697 1778 1859 1940 2021 2102 2183 2264 2345 2426 2507
31 78 159 240 321 402 483 564 645 726 807 888 969 1050 1131 1212 1293 1374 1455 1536 1617 1698 1779 1860 1941 2022 2103 2184 2265 2346 2427 2508
31 79 160 241 322 403 484 565 646 727 808 889 970 1051 1132 1213 1294 1375 1456 1537 1618 1699 1780 1861 1942 2023 2104 2185 2266 2347 2428 2509
31 80 161 242 323 404 485 566 647 728 809 890 971 1052 1133 1214 1295 1376 1457 1538 1619 1700 1781 1862 1943 2024 2105 2186 2267 2348 2429 2510
