29 474 5027 6168 4920 2731 1902 6956 9133 2547 5959 9221 6375 7506 4978 2950 6543 1187 3337 9802 2803 5418 1546 1849 1231 7509 6876 8541 6492 3386
6 7109 7709 5517 69 4658 3802
29 1335 7188 2711 3875 7174 1324 6744 9272 5123 8160 7341 3282 3123 4217 5577 5349 9801 8896 6660 2387 1462 9841 1185 9309 6096 762 2847 2463 5697
29 6783 1332 3430 3816 7190 660 4744 4699 4113 2846 202 3593 3494 5810 4454 5975 1618 3412 9437 1704 631 9206 9772 6872 3274 5533 7391 5458 8171
3 7013 4475 7224
29 2356 7064 6159 3050 1977 5690 3451 3465 7516 463 2882 8289 5640 6891 8628 6149 1533 9699 3223 2951 1156 7981 9891 9359 1938 401 7565 5508 2659
29 2920 8213 2230 7867 3420 7364 7746 1101 121 8182 6306 5801 6983 2684 1999 8672 3214 9009 340 2569 5528 861 4504 2165 8369 3417 4649 8884 6997
29 4525 6912 9503 4830 3453 8191 7344 7837 6904 1392 9754 9534 3251 9867 1604 4100 7760 2162 3506 4023 1760 4229 79 2080 5138 7165 7151 962 5504
23 3580 8787 1697 3544 2577 8671 9177 459 4498 4314 2439 9421 4698 686 547 7800 7504 9102 8422 9618 7089 446 8364
3 2581 3697 4635
29 5299 4536 4467 6922 1634 1686 7745 2072 8373 9319 9908 3776 5715 5167 7582 370 9945 7656 9323 3900 44 664 3248 49 1952 8152 828 1962 3313
5 5137 6656 7804 3739 3583
29 4309 1227 9274 4011 6356 531 3326 4552 9082 6114 7624 5140 5911 7403 7177 9506 185 6001 743 5412 9107 5197 8114 4261 8468 1301 5647 4911 3631
29 568 7293 8892 7557 4656 9375 2954 3622 5219 402 5373 7672 3323 4890 4663 5870 6282 2027 1131 9236 87 2968 9069 7681 2993 8581 1576 9918 5020
5 1178 2324 873 4482 8059
29 1900 5971 2975 4285 1430 1215 3315 9424 1282 3173 8063 6240 3416 6778 8855 1622 1666 6545 604 2620 9413 8658 1021 1173 7577 1497 8138 2090 2755
29 1992 6662 6741 6029 8796 1146 8378 967 3731 9167 4343 4486 3536 6396 6008 8438 3545 641 7060 2317 6624 1928 8913 2450 7269 4540 7702 7146 5629
4 6252 1447 6053 9349
29 6412 3333 8548 4826 4396 9199 6062 8542 9526 9584 3135 9407 4569 3686 8107 1057 4831 1017 8885 1413 8634 835 1893 6302 3627 3369 8959 8552 3880
5 719 1194 6455 1994 9179
29 9707 2296 3601 5955 6739 6222 4400 7187 5064 3765 5094 3550 4044 242 2148 116 6429 5605 621 4923 6551 5328 140 9013 4390 5395 9387 840 1020
29 2571 9733 8978 9252 3542 3435 156 7275 799 2248 7142 5042 357 2887 5943 9435 2263 4333 954 5795 270 1708 7338 6834 488 9486 7818 8490 4592
29 3156 6529 9666 4064 381 4862 9481 9027 1048 310 9934 5999 1031 2340 1340 8335 4004 6938 2489 75 1099 4037 6046 6136 3681 4149 9876 7393 2664
29 5868 1883 874 9485 5917 7901 2368 6098 3394 8928 5670 2345 4906 5862 1566 2991 7536 5128 9588 6918 6354 860 834 4474 7136 3641 1488 6 2818
29 7928 7455 1421 1326 4297 348 8737 6094 5451 8416 8007 5532 1914 5908 6006 9489 7598 7752 5898 1971 7841 2392 8626 1336 8183 2287 7215 6931 8147
29 1315 7711 6875 2518 3537 6009 9561 3981 193 5462 6696 4060 2837 8593 1926 7071 3074 6079 9883 3642 2638 4931 4668 6153 4172 9797 9369 1306 4929
29 7965 8965 3461 601 1684 5628 6784 4278 1896 3496 5527 9779 9716 9480 4715 9674 7982 9605 7258 8202 1936 389 8467 2353 5209 360 6978 2408 8556
29 6002 6794 3865 1843 1627 9710 1189 8667 1179 9106 9368 7935 8933 6105 1322 5367 6847 7930 8944 9791 8859 3166 7213 8454 6941 2277 7568 9829 7937
29 1209 9820 7768 3108 4291 5344 6484 4879 137 9192 8883 776 3065 2431 7285 3961 7095 3598 3587 8660 925 4095 4288 7437 2219 5202 7496 9834 6453
29 4435 3049 4112 615 7685 4749 2291 6962 4302 890 953 6779 1772 9185 4535 3389 8596 3419 8531 2890 7625 6383 479 8501 3265 8282 7303 7586 9677
29 8175 3708 8203 8816 7883 552 1494 6593 6393 3498 8218 3428 8906 3053 5396 1262 3917 5463 2222 4342 5549 5609 7300 650 9451 2806 2880 9635 5108
29 9393 7140 3773 1233 4245 9127 5437 7503 8987 4787 3592 2137 1307 8284 186 855 2524 5164 2454 3768 4783 5185 5673 2976 9336 8717 7112 3218 2897
29 2432 8227 4233 7196 152 9923 64 1455 4853 1922 4539 6888 9767 2325 2632 7328 5966 3538 3383 5010 8633 4005 6796 6770 6207 7951 1115 910 5538
15 1560 3655 7792 95 9018 617 9263 7697 1051 355 412 8383 5919 8242 2084
29 187 7186 5189 8521 9190 5830 709 1595 7794 3752 2089 6728 4471 4620 9162 676 5568 5339 878 3815 5229 3063 6731 8238 9690 1295 3853 2019 4374
29 5970 4877 4575 4228 9064 2473 2527 454 1433 9379 10 4272 4992 2231 3674 5217 4571 1237 4341 2800 9279 6934 8479 6005 5813 7563 9782 5592 3528
29 4839 3546 5049 1997 2250 7479 9833 3648 1930 7654 9219 4473 9542 7351 2190 9153 8525 8930 9509 2483 2168 3350 3162 3914 6594 2326 9878 4127 8582
29 7956 3245 8370 2440 2470 2653 4119 3646 4117 3799 2383 7701 5391 6583 414 1885 5754 3684 6303 1807 8497 4757 2853 9910 5431 9168 2698 4951 3458
3 8773 2589 965
29 48 7810 7779 3475 7152 4403 403 9440 1716 2796 5768 5005 6873 5986 3455 3446 8946 8778 7247 9076 4022 573 6417 8451 8724 4079 82 5476 4846
29 2695 8029 6164 9109 3414 5375 5374 7778 2174 9881 9287 7462 3222 2756 8813 34 9170 2894 8172 2510 5126 4721 3932 911 8251 5239 2656 1562 1343
29 9313 9046 4935 2216 7464 3190 2240 659 2898 5302 9240 9022 5704 1982 3939 3873 7608 1711 520 4240 9468 2987 2870 9759 4691 5737 7751 8319 1569
29 837 19 6206 8285 6438 8642 7068 8800 2648 6848 2479 6146 1130 1050 7265 50 198 3091 5346 9982 404 1793 7204 5932 7087 6685 4531 4320 6439
29 1543 6654 4194 7572 5539 9678 9062 2343 2921 5386 2228 338 5872 9780 1125 450 9327 3774 1432 7482 4488 593 8999 2925 5224 6112 6246 778 7472
29 3629 6189 9267 448 4409 7682 2406 462 4594 5062 7918 2561 5444 473 8115 3912 8812 4526 6370 2265 1258 4600 4726 2114 9296 4729 7069 6819 2530
29 8640 1414 2957 989 4029 4485 9265 8869 1589 819 2037 3221 5284 2308 9682 6697 525 7155 1894 346 4178 1877 3280 9986 2764 7154 9765 9753 2276
29 3253 8783 9556 4107 1175 7684 9232 397 6067 6800 8017 4043 1783 6733 333 9870 5950 1621 8730 3209 4480 5797 7954 5048 7869 540 1579 4790 9766
29 2949 3527 3291 6128 8768 7245 990 8257 5076 7749 8814 918 5191 1314 997 1486 1388 1780 2149 5505 6259 362 7054 2391 5407 8320 2794 6789 6342
29 1515 6502 2511 802 5783 2585 7134 2388 6677 7267 4499 9103 4591 6102 9868 5851 9448 1370 8052 6671 7992 5079 2070 2301 8130 0 635 757 5665
29 7399 9166 4184 780 6446 4880 643 2969 7078 1960 2758 866 2116 356 1291 2256 2587 4579 6691 3769 9529 323 2726 966 3971 5889 3264 6603 7825
5 6403 2603 1030 306 3325
29 5335 4873 1588 5732 3047 5815 4636 6902 6416 280 8807 894 5958 8025 9877 9218 6224 7728 6072 2932 1540 4599 5337 4780 6573 1586 9818 805 8710
29 1066 6139 4164 3602 9492 2696 5713 7907 6178 8494 9015 2945 434 2939 940 3628 7897 6510 6276 3467 4271 2182 1354 4161 7606 1278 5294 9558 3032
29 4008 8489 5480 2425 5678 4986 7387 6163 3469 5630 320 3186 2595 9824 2430 4925 420 3659 7031 7470 9713 5028 4534 9922 197 9792 9650 7131 9796
29 1757 5227 5890 2537 6615 4786 3122 8827 509 4406 3454 6231 7507 6486 4280 1782 1167 6736 6554 7200 3678 6028 9854 6108 4077 4308 8726 7824 6260
29 7475 1838 7347 7870 2352 8379 8719 2395 1855 8746 6866 8261 4518 512 3234 2560 6528 1451 2081 4239 8032 8714 9145 6606 9390 5563 5312 8044 3737
4 3696 8149 8274 5626
29 3869 8630 7927 4088 5107 6272 2355 2966 3986 1264 2370 3894 1834 2364 3841 9683 7584 8776 2617 3953 7038 8256 9719 7959 8696 8838 5232 8001 247
29 2009 567 6756 8464 8128 8403 2652 1620 2972 8111 8225 7750 6116 3159 8143 6686 4122 577 6988 4837 165 1039 9465 6895 1118 7035 3111 7758 1006
29 303 696 368 6012 2041 6133 3393 8968 8288 9644 7763 5472 1534 7402 3142 8821 7388 7333 5802 838 7828 3600 3964 1279 2905 3035 2185 9736 8350
29 2519 477 200 854 2651 4639 7808 9641 5941 862 3846 774 7529 9183 9651 9400 8427 9961 2493 6577 4680 1694 6468 2888 2145 6998 9215 7731 7986
29 6670 7435 3989 6220 6523 141 1443 2110 4046 215 1012 6730 283 7999 1857 6777 941 9565 5111 3023 8769 8818 228 8684 4134 3677 6434 5046 3289
6 9913 5218 4910 9705 2663 4913
28 4078 1228 530 935 2754 1762 7118 2108 5099 1539 3295 2535 8749 467 5969 4452 6219 2971 5893 5397 2647 7621 1379 1303 1658 6348 4140 9827
29 5440 666 5006 8823 4940 8037 9948 2477 5619 8072 7164 3753 9292 1342 9239 7741 3336 7923 5118 2826 4465 1484 8456 2689 7395 6273 6294 5265 6221
29 5018 6485 277 1186 8042 2482 7941 5702 3421 5708 3269 3339 7237 6226 5274 5681 3244 6532 5823 8349 8733 7218 555 7283 5051 6627 3688 9545 976
5 9256 1407 9320 4404 2000
29 8310 7864 608 6069 6076 1294 5576 3657 3507 4921 8534 2504 134 8299 3568 841 6471 335 3713 7736 1742 5691 8942 8919 5922 1425 5494 9937 1378
6 6031 3147 4255 5686 3270 2184
29 4094 3918 5369 7874 6703 7548 1436 396 2315 4892 8551 8004 7570 1551 9442 5984 1707 7571 2471 8457 3889 5338 7279 1158 4399 1180 4778 2964 181
29 7463 8932 4833 5816 8034 9033 4384 2115 2467 1188 5041 1320 6602 9943 4712 4850 6561 9591 496 4325 3695 4763 2503 5580 1663 2554 8722 1931 224
29 6466 3249 457 2305 5662 7162 8324 3930 8801 2910 5486 692 4489 3968 8863 4461 1611 6860 2820 5319 9760 3268 6817 7307 3637 3571 86 5891 2597
4 7270 7687 1002 6475
29 8292 4984 3910 5712 982 4990 3418 3901 8316 3271 5155 9418 1041 1953 9269 7797 6175 2980 2124 5315 6957 4707 4676 4702 9493 4126 8226 759 3643
3 9504 1384 6547
29 84 9090 2626 6430 4101 9262 3669 9028 1117 15 9998 1037 9706 589 3919 1806 8347 4765 4030 9893 6936 1478 4444 5131 2448 9169 70 8898 9916
25 7005 3276 1142 951 5503 7732 7643 8631 5567 6301 8721 2614 6167 8997 914 7250 5513 4155 3491 7979 820 6653 6065 3978 3028
29 677 2297 7355 956 3051 9068 6013 8984 7830 4722 7809 7651 6444 8524 5071 9233 7433 4960 2572 7139 6109 229 2266 410 6373 4996 2456 3984 557
29 2135 1170 5089 8133 378 5982 4872 425 8664 4282 9230 1741 5537 6325 3438 3437 2757 6869 6145 9445 3177 6723 5129 1868 3676 5978 2376 5318 5173
29 88 9405 6804 5957 9116 4555 1738 8018 6218 9328 2909 9358 1047 1065 964 2294 8221 5905 6661 2022 2727 5145 68 4083 9010 3742 4904 3892 8874
29 4377 5615 9316 8554 8575 1676 1846 9346 9089 2052 7296 6920 2437 4316 6025 5805 1836 9518 4500 5067 5762 143 6394 6195 3441 4445 6481 5408 3097
29 2465 2424 7314 4703 9477 2171 5994 6579 7370 4111 7647 7178 9142 4429 1072 8738 9060 8215 7678 5331 5886 2743 2625 1825 8572 9454 7649 1439 7252
29 9976 1637 9627 9575 8995 2852 120 5160 1790 2366 6806 1328 4093 970 2445 701 3805 8668 1434 5618 9115 36 4589 4484 5269 5659 1898 590 2627
29 4379 658 4196 6413 9819 1232 7933 1660 1820 5256 1844 1590 9658 4881 3756 682 6055 8047 4816 3834 2002 9794 9898 7251 4315 8925 6465 1088 5723
29 3607 1492 1363 9104 7494 8353 9458 8062 9950 4824 2021 5171 8074 293 9335 5739 1224 8354 4738 3794 4142 3803 8802 7416 4813 1514 1341 2227 4120
29 5497 5727 8574 5663 3807 7665 2797 2270 2043 3450 793 3340 6861 3072 2721 7832 1025 4514 6075 4755 9519 5461 3040 4392 8683 2210 2608 5449 7404
29 9847 3005 9602 3375 4587 8951 7558 6659 6925 2557 133 9541 7007 1000 812 8920 5136 7299 9895 5638 7774 8723 1285 9540 3797 9793 3863 398 8618
6 8878 3409 2642 3605 7628 3468
29 9752 3294 7406 3199 9182 1355 9044 8809 4532 536 612 5340 4809 2777 1743 213 6090 8623 2496 931 3890 2249 1954 2564 4337 9781 7896 4350 2225
29 2735 7028 8328 6186 4953 5050 8101 872 7573 7414 1907 6312 515 3300 6945 7330 9653 5840 8417 2202 2824 1607 4859 7676 5044 5937 2411 7714 5571
29 9084 6404 1121 8146 2181 1352 2011 458 9837 1638 2 683 3902 1519 7331 8810 6124 7449 5109 9907 2258 7431 5791 5459 4324 2833 2814 7733 3021
29 7429 190 4661 2056 2787 4021 2377 1480 9073 7542 5210 1921 3027 6442 545 6478 5195 9188 4118 9261 5671 8706 5290 746 8487 9714 8078 2243 1300
29 7657 3236 4624 9353 2077 9429 8860 2330 1752 7926 5305 9270 26 4420 2793 1502 905 344 8771 7910 7199 1362 5432 1495 3576 7673 9259 5821 3259
29 4090 3540 3334 9947 9712 2119 7633 1943 9844 8193 3474 3661 5117 1882 9194 5979 6572 1321 7212 4603 3954 8276 246 7432 3298 5753 8622 4281 7795
29 3442 1784 9282 5212 1222 1349 8303 8780 5879 2086 501 8571 8903 1235 6854 3700 2236 6666 226 5916 7067 2488 5264 2815 6534 383 5446 8770 4622
29 5693 6745 5954 7085 9738 3760 3062 8851 9911 2179 2042 4128 3447 1296 1920 4076 3916 6169 1049 8084 4609 9599 9921 9260 2521 1147 5361 8123 8700
29 672 1512 7546 6550 895 9273 560 2415 9701 6515 4263 2710 9213 4993 6608 9933 7032 8045 628 2342 3515 5784 6275 4610 791 1195 4522 5293 3985
29 6822 2233 245 1399 7492 1487 252 9222 716 7392 5317 4073 8067 9533 8476 7723 8170 3582 9204 7304 3996 4367 9426 6621 6250 3931 6911 5666 5859
29 4494 9935 206 5711 5650 7448 1109 4347 7080 6345 9800 5143 8344 8304 2398 7875 9664 6215 9991 588 4146 9777 7481 1398 4054 1064 7424 1823 5370
22 549 2166 8832 5347 3502 3169 8909 8058 3466 8109 2670 5379 405 8817 8779 9318 7371 3523 1919 7895 9125 1404
29 9619 7114 6669 2112 2999 5241 444 8164 516 8148 4125 8976 8917 1850 7646 7418 5007 8399 2038 8912 7358 413 7348 1600 4418 9747 2457 4277 5606
29 1305 7612 481 9254 5593 8785 5279 3829 4937 3231 6235 9351 4138 5475 5558 7820 4936 7439 5759 2255 3581 1070 4283 1665 16 1288 1972 4133 9380
24 9563 7108 5996 7554 6966 6643 2386 2702 7592 9724 9826 8974 2109 2956 2348 4419 3296 2047 1405 1737 9098 3020 4303 2007
29 6263 8557 9965 3614 8155 7912 9195 3896 3691 4019 7627 5314 3392 6874 2563 803 8297 7942 9344 5378 8483 3240 4604 8707 3128 3520 8363 6257 5501
29 5192 2738 9813 4733 4493 5766 4798 3429 4796 9324 8661 2923 6970 5502 8873 2785 5850 339 4708 3668 62 960 5555 8836 9427 4759 679 5230 8154
29 3055 9649 2681 5621 6526 6399 629 3624 9438 2622 3924 4009 916 276 8969 4745 8248 1457 1975 5053 5989 6892 6449 3703 6007 8648 4641 2410 3969
29 1097 789 6410 2896 9872 85 9731 40 8401 9208 2498 4106 8745 3016 6204 104 9039 7280 7517 6646 3911 8639 9942 6933 5811 7476 5874 1359 7058
29 4601 8458 3368 5182 208 8876 4300 1779 7817 8562 624 9378 5734 6773 1371 8336 4210 5427 1821 3822 1284 4294 4466 5141 5833 5077 6664 8098 8054
29 9003 8484 209 6567 6538 9134 1583 934 1069 8871 4121 688 4312 4032 9244 8060 5789 1851 1706 5594 3933 8880 8924 2094 1837 7991 5855 8057 3380
29 2247 7156 9469 6021 1667 6089 4331 5031 9370 4072 7149 5442 5061 8049 449 6033 6636 8496 3764 5206 9603 351 8267 2734 5806 7350 5637 5790 4186
6 2015 1609 6200 417 8795 2831
29 4742 817 1524 6058 8831 2771 7315 2292 4924 6120 1840 2218 6692 4898 4614 3283 6077 7854 6720 8287 1126 7478 2446 204 7905 4823 9461 3480 7093
29 700 1605 3779 9757 3112 7534 3524 23 1008 5725 3216 11 1501 6655 6142 2876 8845 9788 3246 6254 8985 7181 9875 3727 5003 9198 8606 5939 4955
29 423 1323 9255 6634 5352 4709 9186 7812 8864 1203 779 3293 5587 4710 3088 8294 4438 7945 2514 7027 9491 4108 5560 4908 6950 948 2172 4177 9573
29 8518 8290 2401 2031 611 3338 5405 7515 2568 9143 2621 695 6682 663 3237 7047 1477 3001 2616 7607 5912 7827 3744 9154 9596 3871 1826 8453 8921
29 1273 3197 5983 3193 330 6270 81 147 1067 857 1255 8400 7298 8656 3567 9946 309 3519 3355 571 3131 7491 1144 2827 176 4976 2300 1701 9329
29 8731 9402 3362 9549 9681 6380 6971 4623 5323 4074 1911 6462 9163 5484 8061 4152 96 8632 9342 6233 3303 747 8934 3106 3533 3113 4451 8690 8543
29 6689 6150 4794 6645 6173 6967 826 5764 9980 1603 3547 1394 4770 5904 7461 3379 7486 7844 5518 2579 373 5800 4934 8386 9971 9120 6052 5547 8957
3 8890 8024 3092
29 9514 1438 442 57 8187 9546 5382 7048 7415 8446 8064 4851 1471 5482 5320 3521 1033 5863 4822 3089 2146 9443 73 2491 8503 6782 6080 6350 8301
29 2720 7287 8573 2573 7034 6762 4355 715 2541 7857 7065 3277 6262 1266 877 3013 43 4166 5 6549 1754 2562 4132 4753 4728 4841 1958 2203 2273
29 7861 3257 6208 119 3119 5724 2753 9288 4159 5635 2309 7990 9816 2461 9862 6590 8280 6091 8846 9582 8677 1426 4199 7349 7717 6973 3791 2322 6467
29 3090 8711 493 7737 761 6336 9836 8486 833 9420 5039 2740 6326 8153 201 8567 4053 9258 3634 4949 3226 6792 8685 9434 756 6959 1865 1718 9430
29 713 7993 6951 9804 2409 8742 9234 377 6179 7940 4329 3154 4941 5350 8565 1535 2405 3006 6687 2328 5884 6194 9931 9746 8797 8371 8265 59 6185
6 7936 6135 2455 2132 7994 2732
29 6277 7198 7638 4050 4065 9737 4792 2095 408 1431 3070 6488 1905 3266 9079 5271 5611 8704 4015 1268 2705 9905 5871 5251 8602 3923 3781 6721 6479
3 203 5991 3396
29 5934 9406 8786 9680 313 2919 2362 2558 1197 8830 6059 5880 7599 77 9930 7699 9730 6464 5680 4192 7634 1878 8423 2098 2594 6322 3848 1082 4103
25 6901 5387 8462 6710 8071 8882 1862 4834 3314 9592 4317 3137 5139 3709 1786 1974 6525 4847 9108 5938 6040 9525 1225 1940 1327
29 6815 3579 6307 8637 3539 292 993 6344 4449 9160 6619 7547 594 4459 8432 8200 6267 2832 1950 5492 6797 8752 8036 4563 7953 5718 7985 9097 7173
29 7070 1113 1995 5566 8368 9981 7309 2525 1330 7659 235 9139 6281 510 5220 2936 2102 7961 7233 3087 6586 1172 7261 3415 5688 926 2516 8718 4243
5 4679 3651 1869 9769 2600
29 5445 8302 7379 7226 6119 2613 2640 7301 8033 350 912 2959 2175 6846 6707 217 3004 4946 9034 6500 2120 4447 8908 7083 7611 1473 749 6210 4538
6 1105 4583 2147 1628 4704 3949
29 2883 3358 5295 977 4806 2591 6172 8687 3157 3372 582 1308 9083 3796 6539 974 813 609 917 2761 6599 1915 5683 308 8910 669 1093 5390 6063
29 3817 8736 3354 1500 1835 7636 5116 8686 2612 1598 1695 689 9113 4912 5575 1989 5614 5288 4678 1829 1927 4417 3814 9266 2593 8249 8897 3975 4891
29 9305 9864 3947 2497 4205 6313 5553 7037 7501 3509 4916 4033 257 4919 3660 8015 2873 1632 3670 6371 6964 8000 9339 2879 5846 3046 1642 5280 6494
29 4059 7891 3317 210 2060 7535 2602 1458 9268 3570 5692 3292 1402 22 2284 1351 6180 3820 5152 6623 2792 1506 6335 7427 6844 7814 7138 170 2163
28 1138 7948 6192 4705 6729 7477 7988 5792 9623 6793 2931 4264 8544 4237 8992 2685 8436 7973 3431 2469 8408 269 597 5162 1669 4905 9004 1254
29 5324 1406 697 3585 753 7019 9900 4965 8638 6391 3556 9376 1988 2017 7853 1163 9515 4439 4889 9398 3552 3273 429 6702 4570 5591 5798 2618 3883
29 1867 5808 9012 7567 1465 8273 9763 3974 1504 5188 7689 7363 3201 742 3413 2254 2584 7815 1765 6395 3297 33 5246 4269 5439 2253 431 2862 5543
29 4758 3596 4109 9251 9130 708 2360 5910 544 9810 9155 5464 4985 2189 1727 6431 6225 1925 827 6668 2891 3720 7660 7803 2836 2100 2289 8517 2169
5 311 5213 8902 4558 3433
29 6381 7889 5214 3921 6398 8665 8970 8956 7361 538 7006 991 238 3973 8246 8048 824 7238 605 9904 1360 8418 5283 2318 7880 8279 8211 1923 1948
29 2917 4387 2118 3445 2140 3215 6374 4828 5074 6898 4358 2452 5032 9224 5080 7720 6086 4051 1957 9174 9040 5788 5773 3388 4408 4305 5455 1805 3618
29 6706 7020 9806 7312 3370 3958 7113 1257 3790 7920 6821 3847 5785 694 1567 5793 1449 8875 9093 1766 2069 8964 3143 9067 5198 6955 7436 994 626
28 7957 9347 1564 950 2323 8167 9964 6121 7339 5201 4515 3449 9709 1682 4578 2451 7160 8886 4655 6972 6166 1798 5272 1991 438 3080 6881 3850
29 769 3311 3068 4202 2997 1886 1864 7014 6909 6921 5268 7791 8601 4442 3813 4097 9865 9598 5114 9932 8678 4183 2349 8834 602 5536 3400 9176 4662
29 519 7398 5771 5888 146 2434 6716 711 4866 3432 8126 9884 9880 1058 2413 9957 8498 5203 5103 6295 5843 2902 2822 1367 5148 2679 3543 1001 8131
29 5717 3826 8224 211 7211 8176 2173 4776 1193 7407 3963 9114 1870 4067 6977 4165 2350 8330 6351 4581 6369 8389 4542 1662 4354 9 5474 6060 8217
29 4071 8262 9845 2167 2952 7916 4477 6243 4293 2359 1800 3182 6609 8881 4982 5589 8234 9786 1657 7970 3427 8066 6074 2643 6317 8538 4040 1207 5244
29 606 739 4630 8088 8110 9158 97 883 8239 9229 7823 6810 9278 7352 8822 9416 2214 1996 2858 1917 7157 725 5822 5521 8174 7026 2073 1210 1150
29 8708 1803 3510 4016 3701 4017 1081 9652 8312 5289 1424 2715 7615 1145 8197 3448 5645 1856 7378 4492 7225 1542 5207 7600 5404 3014 3335 3514 3617
29 3549 4781 5636 1550 3789 6871 3904 636 4767 1981 1946 9023 7781 8325 9348 1469 4674 9825 829 3096 1526 2709 2251 5617 58 4157 3665 1055 2208
29 7499 5858 2198 7097 6985 8030 5962 3258 2206 7998 3121 5417 5072 7944 7962 2004 8013 4900 2226 3726 6732 2379 1334 3872 1619 2421 2312 472 1212
21 1776 1372 2074 1252 4481 1565 5400 2809 3751 1470 6519 639 8616 3763 3484 7419 1696 591 2668 1174 1691
29 8477 1773 1959 3554 9135 4541 4006 1302 7924 8760 8627 575 6171 3856 2197 1171 2678 6704 6557 3810 9308 5676 3015 9861 6788 6521 9993 6113 1038
29 3307 3640 9559 9562 2799 127 9962 7316 7822 3031 3463 2633 5529 5733 534 7786 6314 2295 3151 1440 3504 3899 4860 6311 913 7219 4883 795 2117
29 6663 8425 6296 3938 6357 4123 7555 5835 7474 9694 1688 8755 8437 3101 8842 5747 1650 632 5119 5392 532 5624 2704 9567 8589 9749 1454 406 4124
29 5235 2942 1010 1503 1647 6280 674 584 6041 275 6201 6622 4997 7340 9212 9086 8528 2088 6759 9728 5842 8608 9048 822 7073 662 5923 8594 5841
29 5300 8158 2657 290 1913 767 3746 7613 1248 5134 6857 618 5600 4335 8247 5525 5416 9807 291 3472 9715 9197 7074 1114 8861 8580 9317 325 8069
29 9409 5491 7648 9925 6825 5409 3952 5995 2989 4104 2737 3404 1468 1629 3010 6174 4102 8469 3725 9253 7421 8269 289 562 4383 1633 9940 5848 9536
29 8950 3990 5748 4003 4914 5124 5426 9822 1045 7712 8911 8140 2861 4135 2700 4681 968 2371 569 192 1520 1987 2798 6421 1683 2157 2221 8337 1558
29 3167 7325 4421 35 354 4593 6279 9516 7727 8743 5559 6447 4075 4430 7076 195 7725 6162 5084 548 1241 4380 4010 648 3983 6576 8641 998 142
4 563 4693 5540 9289
29 9679 3575 3188 1777 4035 5660 3227 3133 2065 6437 2319 3115 1310 8127 5729 6755 8357 5196 1615 5820 6929 3179 5960 3950 1350 831 685 1293 7049
13 768 4208 9011 3795 7922 7239 4696 7604 6056 7754 3992 1283 5259
29 5860 7180 1208 2382 9341 4607 1721 9566 5933 1934 2933 9758 1416 4789 6600 470 4395 4252 6531 9501 3324 9271 4179 8142 5499 2502 4506 3069 9326
7 8758 3148 3129 8868 9949 9242 6630
3 8670 6123 1177
29 6916 7320 7248 2036 2937 2304 9539 2035 3859 959 9508 4843 9955 2142 2528 9181 9488 7168 1243 1238 5588 1808 5037 3260 3422 6715 5436 3408 1134
29 9888 6329 7372 4657 1529 896 4756 6367 1531 4456 1771 9110 4547 4878 3152 2682 703 4835 7550 3884 6781 8765 9873 4998 8380 1570 7001 9860 1929
29 6807 2641 2495 497 9065 595 3770 5526 1417 2468 3443 4235 78 1286 5849 3844 8889 8905 8305 8604 9803 7963 182 9648 3734 5652 4962 6650 1410
29 2316 2536 1970 8991 9457 853 3532 7805 3505 6443 8963 4646 9917 7734 7583 9055 5827 2085 3382 1713 8409 2131 1184 1482 7184 8647 7289 9770 5586
29 2061 1860 7975 2338 922 7856 876 4105 7075 8491 2375 4543 9337 3489 2996 7753 3878 7590 5261 1032 7845 3348 4545 7885 9467 690 5057 5471 7441
29 5086 1630 4848 2856 8194 1239 8300 2867 1891 2874 4701 4964 2478 173 1770 1789 8651 3158 1498 9399 3357 8124 1545 9787 421 316 8372 4160 2813
28 4058 9463 730 8614 8955 3117 115 4969 1979 5329 93 8108 1075 1078 6855 1165 1409 4334 5078 7244 6976 8619 5928 1213 6991 3224 7899 7713
29 4618 109 1955 98 9419 9276 6946 9478 2048 7900 7384 4279 1217 4903 5019 4529 7995 2239 7003 6310 6092 411 2435 4363 7950 2423 7311 6795 6870
29 7929 7129 5554 4973 5291 4713 2675 7081 5998 9433 8547 6820 3141 5597 1382 3195 471 6791 2232 8977 5266 6954 4580 9301 3715 3288 8083 6750 2508
24 7561 1013 2782 6474 2180 1369 9070 5550 2760 8901 6708 1822 4136 7552 3630 7839 7302 1763 2778 5414 8206 891 4181 8019
29 7401 4428 3821 1580 5656 7135 1985 2220 7221 7194 6064 1411 6513 6517 8068 9732 1839 3060 2018 5200 9745 6761 3837 6358 9997 6051 2280 9990 3346
3 2384 5743 2566
29 4855 7329 150 4666 4887 646 4356 6197 3085 8502 2713 924 2762 3962 5258 4619 8697 124 2331 3125 9063 8837 7055 3702 3671 5817 1602 4716 9476
29 273 5948 720 5602 8173 6989 9156 7103 1166 8097 83 8291 279 9250 6318 9594 6372 4868 551 7623 9126 3219 9520 4896 2252 8433 6258 5179 939
29 6831 2079 2539 640 8530 9645 374 9912 4939 6683 680 6625 3893 7195 9828 6286 5696 2672 5327 3440 367 6592 9243 2046 7310 9371 2138 5682 7223
29 9325 5237 8440 2992 1557 8555 8272 1476 1799 2272 4608 151 232 5512 9548 7974 7322 2517 1007 4952 5144 9999 1481 8657 8384 9196 5058 1261 8377
29 3444 9473 3786 3191 6305 7191 553 7143 4559 7383 7909 7091 17 4464 7292 4517 851 8975 7868 7919 5081 8625 9953 7079 5839 3390 7042 8113 2658
29 5769 726 7631 3915 1693 5366 4497 5632 7843 2402 7004 3877 909 9630 5098 5655 9966 8972 5736 673 2083 4298 6097 5316 7297 4286 6840 7533 8022
29 9140 6849 9543 6749 6023 5913 1415 4944 8229 6864 5278 9247 6830 7189 1538 1750 8439 8522 3485 4110 5177 6890 8144 5867 89 4267 3719 3586 8850
13 4948 2538 3403 9654 832 9475 9357 4989 2023 7222 4340 9879 6520
29 8703 8020 128 7172 3879 9392 7762 6460 9482 4856 6880 2596 4168 9547 2068 5687 6990 9245 9367 8322 8230 9502 5146 1617 349 3652 790 8120 9472
29 117 9920 9636 9625 9180 5853 930 5009 6674 8186 1317 4582 2244 9697 6948 8252 7674 3888 9201 2575 3658 7487 8295 4808 9656 2606 6433 8941 6111
5 7913 699 6765 7683 1106
29 6695 6658 9078 9483 9118 6896 1160 7971 8895 1924 7865 8431 3241 8673 7405 2354 3704 7420 4612 2071 3558 6508 1788 4510 1751 4731 2677 3110 5672
29 7040 9052 6450 9613 1910 1346 2075 2515 6566 1389 6605 7009 6816 1854 5421 9755 4732 8907 2416 8466 3479 5924 6341 6482 3612 5760 7943 7133 3569
29 3855 9985 5307 8419 9171 5088 3793 3155 2374 2645 9785 2341 9366 7860 9704 180 4932 2988 71 8570 7126 6826 1490 7268 7489 1581 9241 8947 8789
28 3371 5358 8198 8856 5495 6639 105 542 6379 9474 1897 7645 1435 809 1035 7917 1358 7360 6626 6690 1080 5151 5121 8321 7722 2113 430 6191
28 8329 4260 5425 4782 2464 9842 8694 9388 2397 3007 9321 2501 3256 7018 801 2552 220 9723 6227 9530 468 9343 1582 9642 4977 302 3518 3929
28 9675 7230 3541 4410 6034 8118 7456 9612 5608 1748 3436 5262 732 7353 4874 8680 6628 2752 5363 625 5325 2692 3868 8341 1585 4723 8308 5857
28 6198 9852 248 5892 7232 4605 5045 5915 1104 384 8624 518 4198 3828 1827 5738 2150 5570 8461 3363 1608 7159 4743 258 2671 7228 1892 6152
6 9449 6199 8309 6563 4585 7342
28 4307 8209 2718 6316 8035 7096 7216 7715 2393 9322 3967 8516 239 6414 385 2093 5257 5270 2111 7511 848 5354 4434 9568 5942 6147 3611 7527
25 375 1024 1267 2934 4652 6346 5914 3228 9992 8125 2636 9722 7904 4852 8569 250 1298 9119 9839 2050 54 4574 7955 4463 3819
28 1040 4706 9385 8766 5428 907 4888 7562 8533 6987 5864 7650 6862 2299 4804 3483 4736 4373 3318 5509 7518 7059 2096 3275 5065 5604 3838 263
28 222 4885 9030 3022 5187 7276 3839 4528 7931 6140 2078 6363 4845 2039 8729 1654 9386 2816 8734 3306 5940 5927 1549 9432 3787 1599 3229 1653
28 1005 8055 409 9951 7246 1263 4724 7532 8023 4167 7502 8935 8961 1597 8165 2274 983 7294 287 7367 8393 4864 5127 9340 3870 9446 4683 6016
5 9550 3608 364 1508 4659
28 3555 4546 1054 8348 5601 5043 5803 2680 865 6571 7796 9029 4092 4259 7137 7072 7932 2553 5110 653 9404 1445 7821 7983 4189 5342 5758 3064
3 1135 2714 8207
4 3578 3758 332 1723
28 5424 4414 2690 4250 6402 8973 1246 7984 987 8550 6713 592 1387 9727 6776 5968 1373 7855 4254 3019 9551 345 9294 3492 3184 12 2200 1226
28 4894 9452 6202 7323 3038 6251 2667 1309 9849 6769 8428 6353 6833 4950 9886 9740 8922 2097 4954 3153 1998 3861 5750 2604 5883 6158 9614 4013
28 920 9128 9869 4629 9538 1613 6672 4397 2025 2901 5411 3470 517 8270 5157 7966 94 3081 1400 3272 7644 5634 8515 7888 5296 8168 298 722
28 9799 7210 5025 3966 5371 1331 6082 8610 8244 4642 1967 9043 6083 1918 1932 7958 6320 478 5277 8356 312 3071 4174 944 1641 9909 3928 4799
28 2559 8459 4815 3058 9751 7041 4274 5070 6910 5380 490 6184 5981 1964 1493 738 5186 5430 7295 1661 9124 4422 8092 3460 2196 9123 3591 737
28 6541 7471 4867 7690 2178 5866 8990 6882 1561 1368 5026 946 5313 1132 125 870 2003 6400 8041 6878 3094 766 4760 7617 6019 1983 7017 9374
28 961 6884 482 5668 9527 6618 2128 4584 52 8904 8334 1626 6863 261 2311 5963 3926 2419 5022 1347 6516 1575 5410 3250 9609 6943 8332 4042
28 372 6110 3603 7662 6601 3940 9809 7829 7334 2534 2332 7394 8725 8129 2567 4974 7706 9531 1730 3109 1063 9580 4509 1594 5147 4203 3712 8087
23 7952 2357 4717 9702 3663 3784 178 8028 5709 6699 6378 8492 6436 3406 5728 5106 6675 4650 5573 1107 2723 9417 4928
3 3654 5875 5205
28 24 7704 5887 5240 5091 3124 1062 9248 6238 9298 8553 8705 6459 3832 2719 2285 359 1554 2127 2201 9332 630 8579 8891 702 1287 447 6507
28 2869 6740 5377 511 100 3970 1098 2107 2907 3075 194 7132 1236 806 8360 6249 2687 3927 7480 4081 6768 8180 1739 4516 3792 4197 1087 675
28 8962 7512 8784 9634 1046 704 6359 7903 3862 8511 4012 8692 4979 7106 2903 2485 7345 9235 9059 7596 1556 3835 2746 9676 8090 1148 4844 2271
28 4637 2123 6879 6818 9610 8412 5193 5033 2958 6883 8253 4747 8576 6137 5093 9914 2378 505 5286 3301 9099 1795 7859 899 251 2961 8137 295
28 4150 5113 2780 6352 7208 46 5951 8214 1532 21 3174 3999 8591 4460 7773 1941 2662 7890 3516 7185 6688 2188 7705 7530 3349 7057 9214 1887
28 6115 3208 4836 782 8421 921 1768 9817 5907 7987 4248 5083 2213 3979 6859 9510 2282 5633 7771 9535 4793 236 5644 5399 7618 9711 3012 5029
28 3988 6493 5535 6842 4024 2385 2543 249 8103 5301 3610 5023 9460 9739 7886 1164 4039 347 6937 1162 1659 3302 644 6700 3180 9507 8008 1318
28 5885 1651 4507 856 6652 9564 5087 9228 5700 9141 2154 7972 5249 1357 3178 2462 3599 1610 6980 4671 4926 6236 4391 3886 491 770 4568 1009
28 541 1874 825 4020 3054 1181 1325 3735 4068 6451 5247 7220 7094 859 5877 4322 6960 687 5742 1270 6992 8208 4551 390 927 5388 587 8185
28 4143 627 41 3114 607 3775 8245 3798 9611 3750 9006 9444 1753 4647 5675 5882 798 2257 4182 426 2849 4814 5469 8145 5460 5150 7537 2845
28 6228 4959 6003 267 6927 4063 7729 1297 5101 65 736 5004 744 3299 4521 963 4389 521 6328 6499 7084 5776 5657 9771 6323 9494 4479 7601
25 622 9996 4665 6856 4139 494 2505 5903 550 8788 9330 8590 278 7260 4915 2913 5906 9663 1036 4548 8455 5467 1366 4791 7964
28 1833 1593 9805 830 6969 7411 9101 508 5105 9838 2863 889 887 171 7551 9372 4001 2655 4719 5765 8568 5974 7539 8507 7413 4741 1204 4553
28 6961 7553 3991 8219 7438 871 3531 979 3211 2104 8741 1383 4388 9774 4902 9616 5607 3639 9081 7671 9615 3189 7359 4995 2669 807 7235 1304
28 29 7116 1218 483 376 6570 5603 7453 3874 6104 4711 9205 5097 9237 6763 9350 3342 5993 7747 2650 6071 2812 3207 1636 9960 443 4 1003
28 1664 2838 8346 3783 6886 8523 3434 4247 8237 6157 9361 9026 728 4469 7653 6811 3000 3526 4827 5873 7980 1344 4458 7669 3041 1015 9831 9131
28 55 6457 5282 4405 8236 4366 369 8014 8952 6641 4096 2390 9355 1140 8381 8362 3590 4222 2872 393 1157 51 9814 6209 2908 2321 3134 8862
28 9523 6558 4502 3566 7663 5837 7693 1872 2246 7490 6463 4487 5292 9978 7397 154 6511 3401 8443 5707 3456 882 9391 8867 296 7748 8327 6458
28 9216 1984 8040 9735 241 2745 379 5441 7508 3854 1396 1395 6043 5002 9175 1671 1119 4771 5199 2533 6143 1759 6300 6285 3095 5413 1522 3043
28 9283 902 5541 9071 2981 772 578 6907 163 5901 5092 9593 7326 5166 3980 6801 7591 2895 5542 9173 504 4922 7947 2013 6177 5485 6917 5063
28 4842 9137 4154 846 4318 4070 5847 8266 8051 1428 3672 126 4805 3913 42 7543 6324 8679 558 9356 1571 7257 5075 792 9484 5159 1573 5273
28 2576 2788 5507 6000 4450 7256 9151 8038 3851 3845 936 1029 8833 4173 1933 3707 8927 1673 3164 1205 6408 5834 9005 5749 6334 2786 8374 1722
28 4346 8376 3426 2212 5453 6247 8493 9496 3044 4667 7755 2859 8750 5309 7179 487 5980 5530 7835 7892 8011 8499 6828 1356 5011 8385 6533 7375
28 1888 8586 8382 172 8609 9897 9505 3909 7122 4734 3039 3145 9643 6604 7871 1053 5336 2091 7443 750 3206 7390 3254 7044 2767 6088 3903 3724
22 734 8848 3017 665 6638 5169 3785 6426 9859 4628 5556 9941 6542 3508 4963 6560 2965 1890 7545 564 4215 2759
28 3149 3951 7637 2261 3057 300 3685 9377 1271 2241 724 2844 2955 1690 155 9431 9621 7852 2918 6553 8012 652 99 810 763 6993 3255 8163
21 7119 3138 4080 656 8445 2930 7457 6268 7493 3597 2063 8031 836 9148 634 9423 1265 978 1401 3852 5321
28 4214 8435 7249 6984 4544 1553 6283 8953 2693 2829 8105 9150 1042 2768 8258 2494 5132 3897 179 9041 1091 8655 3604 4180 2259 1544 1909 2441
6 7862 4511 4761 7444 8937 1441
28 157 2006 1804 3594 8546 6132 4130 8505 30 319 1591 9843 7024 4323 4512 6754 3827 1548 2674 1333 2795 1028 9521 265 1060 3987 6994 2130
28 2986 6747 3381 9795 4645 8151 1211 4775 6885 2281 8605 7757 174 2062 9363 7848 8402 9989 2699 4148 9149 3037 2970 2877 6070 8311 9396 4338
28 297 8739 9874 596 9037 9972 546 7197 3905 2082 8136 7021 1275 9821 7417 2269 8753 5496 9285 1744 5726 1242 9660 9703 6035 5653 1456 5646
28 1978 5990 1221 3666 6261 5952 4327 4871 1348 2141 1339 5172 256 7217 3738 9295 5456 8162 7767 3187 7519 8053 4616 8893 9290 5443 9721 8870
28 3103 2748 8351 7337 992 7811 9975 4895 76 3561 561 3907 3139 693 7581 8584 6709 7703 9453 1764 3548 4284 7833 3002 2133 3238 4897 391
28 5341 2026 8157 5719 6048 4027 1942 286 1944 9038 255 9783 7790 8532 3242 2739 1990 1214 5648 5643 6049 8235 8139 5322 9608 8156 3500 7766
28 2912 8021 8835 5477 4615 8116 353 8413 2630 2769 9983 3 2978 4265 7365 4801 5590 2367 8592 3118 9750 7989 3705 1812 371 1052 2238 6271
28 3281 2436 6255 8653 4372 9165 2275 2121 1096 9790 5658 9397 8958 6176 7099 6027 6337 4727 5987 5038 1244 1390 6440 2886 1014 3718 4695 8178
28 5716 2899 6536 1873 7092 5082 2288 6297 5610 9659 2722 714 103 3078 8689 3920 4684 4513 2380 416 2363 9590 1219 6390 4795 5896 2773 8122
28 6724 2512 9744 6425 9497 7263 691 3146 4689 2607 9479 2580 8009 4970 7556 4036 3481 4573 3563 5275 9528 3882 6411 1645 1969 5545 8396 343
28 957 4537 6327 9657 2059 1537 867 8645 6386 9000 1681 282 3009 7735 3391 6620 4191 8805 2889 2811 8255 8894 6011 8222 5599 7524 4490 7115
28 445 864 3866 3885 2927 4099 7761 4163 3225 6223 7205 678 6629 4567 5722 6947 7175 9122 6388 9973 1442 3084 7290 111 8636 3741 6266 6748
18 3693 5359 9890 6903 9100 2126 9249 5967 2264 9001 2438 3595 7286 4632 5763 7377 3788 1816
28 2020 3196 7373 3840 1884 8597 9952 6850 7145 6722 6406 6926 5308 8539 5000 3736 7012 773 6841 988 8756 38 3486 60 1731 56 4057 3478
28 8395 6877 502 6742 5135 8806 8243 4433 8603 7898 3328 4365 2159 943 184 8077 735 5930 7128 9415 2707 9840 7739 7946 2103 797 1951 7783
28 2008 6735 5017 2967 572 4930 8263 9031 9074 1461 6824 6581 2532 6552 8281 9665 850 5165 8117 3998 919 2637 9601 1133 900 2940 6073 4432
28 8406 8699 9631 3740 9832 2160 3165 847 4784 8134 1420 4692 2960 7454 6803 7107 745 9360 2860 4576 8751 8577 3322 1467 131 8 8701 5631
28 5598 5818 7430 6503 986 9889 9019 6333 4773 7305 6678 9671 5102 7016 1901 973 2772 2267 2487 4304 2744 7902 2747 9184 1847 6461 2032 5125
28 3030 1090 8254 5620 2741 380 1168 8644 1831 7389 4625 3213 3748 5561 5705 8829 1423 1329 3649 8537 4131 9051 6701 9555 2598 9024 707 4725
28 3471 5034 5285 1792 1845 2984 3609 5452 342 586 3341 1337 8986 3359 8283 1672 8016 2763 264 4598 1577 3056 2067 6291 7813 7166 8463 9334
28 7141 842 3830 1111 233 3102 1937 9077 9789 8799 5154 5385 1714 999 8471 556 2728 1678 1249 8558 5740 5450 1848 9223 7374 3687 3858 2134
28 8102 2791 212 8192 7253 1453 6237 5514 9226 7949 7483 5122 495 7321 1289 4234 7921 3662 6651 4527 9016 3100 6217 6368 1403 7409 6405 3589
28 8840 7575 1527 7277 475 1745 9132 118 8339 1612 2599 9462 8993 6679 5068 5639 6753 7738 9587 7022 6428 7324 6401 5252 9189 6676 6518 9673
28 585 6752 9944 7934 1245 6274 1523 4491 5481 2417 1592 1499 2344 7939 8387 500 4817 2303 8388 9032 4956 7170 5831 5429 7008 2224 6853 1705
27 268 8104 4349 4376 2660 8190 2924 2054 9624 6389 7266 9490 3487 9661 1026 7362 7541 5595 1916 3183 981 3876 8994 3626 4257 6093 5334
28 4495 4437 6125 3565 7840 5838 9655 1912 6562 4981 1980 7368 2854 5548 7025 8317 6637 3344 3711 3034 7639 971 5489 5242 3945 3836 9717 4091
28 1353 5572 8588 6771 6647 4966 4617 9264 7366 8326 8764 8470 2443 9456 4423 139 4176 4175 6568 5946 885 6889 7469 1190 5204 8613 1472 1547
25 8342 7104 2649 1386 2551 9647 4415 1220 6610 2229 8688 3377 3011 6714 9748 528 7447 9211 7254 721 4943 5897 5836 783 8452
28 5406 1192 565 9557 823 7730 4213 3621 7872 6211 9436 5180 4251 8841 3352 1068 4336 1092 4381 2306 8781 8056 148 314 8508 3405 2819 3279
5 5649 2736 6265 1272 7209
28 7640 9685 3263 3680 6584 2857 5100 2906 7488 4550 3925 5470 7788 8010 7206 3777 7500 45 1083 9672 8005 9008 9808 6614 4811 2623 7772 4348
28 1528 9246 428 8093 1381 7777 6544 6932 4496 4470 9333 7090 8549 3613 3397 9708 5498 8852 2484 5703 8853 4670 3252 2985 1234 4927 4332 7467
28 583 400 1313 1963 5751 1152 4588 8407 4634 947 670 1702 6785 7505 2279 1965 7616 6432 2428 1895 5454 2194 9600 1202 9552 6365 1290 9281
28 2941 945 4980 8747 5799 9684 8996 1259 6106 9987 3767 6423 9554 1253 4621 227 5035 503 9315 1703 4627 8899 7836 8205 9307 4820 1614 9227
28 8204 1734 7465 3972 8854 2209 843 5564 929 9299 4718 6234 8169 4188 5478 7063 4572 2542 8465 8474 5781 3423 5096 7051 8080 9383 7123 2691
28 3025 4648 1276 1755 102 4326 9928 485 3425 4085 3574 4457 7046 2396 1094 4082 5181 7652 3312 8315 3716 4812 5787 1935 188 6118 9560 8847
28 1735 5393 47 9524 1365 7816 3261 3843 3997 8988 4840 153 7707 3399 2834 9425 6054 4201 1811 8358 6084 9885 4413 7214 6845 9095 4446 3723
28 5304 9974 5562 5756 1496 5695 5679 3086 1692 4086 3645 3635 7538 1796 8763 8121 7400 5333 7306 7264 6278 486 6287 7458 8391 8404 3656 4158
5 4829 7451 4863 5158 6101
28 741 9544 6836 7380 6705 8094 6081 2948 8659 3722 1819 6415 7743 5168 9395 5921 2336 2199 6497 7775 5493 4275 1374 3995 436 6212 8106 9915
28 5381 6924 4673 9512 6648 952 175 7873 1292 7120 4204 2765 129 2634 9629 9293 5490 3365 6894 9995 7526 2574 4129 218 7977 7831 4909 9970
28 9979 5744 3557 1729 3493 9364 8220 7569 6319 6181 4669 5786 1345 3233 2892 5506 8828 9053 681 5828 5965 8240 2830 8275 4162 845 2922 5944
28 8559 7846 3462 9743 6182 7278 4089 1016 9441 4566 5473 304 5184 9112 786 972 3361 1775 904 5190 5961 2223 4967 5345 901 8091 5376 9776
3 6321 8323 4299
28 3743 3384 1223 4613 5267 2404 6657 2407 897 698 3501 6712 958 7708 6332 6376 27 6555 9756 8744 6100 1517 4375 4519 8877 5825 9589 6170
28 9581 3160 326 8940 7847 6213 7445 5465 1393 4821 2694 5780 3212 6975 4565 8583 723 3801 8900 4818 3800 7694 9439 6032 4364 9669 3284 1559
14 1269 8566 435 6340 4854 4344 2053 6582 4114 2835 1736 8545 581 262
4 6039 5112 2904 7884
28 8520 2426 6711 507 5674 9035 7513 2412 2346 816 9994 4688 8621 5052 7802 9688 5483 3943 3171 7029 9094 6099 6343 5812 8313 5055 7881 2724
28 3457 1973 8410 9579 2781 2817 4195 5356 6915 4221 2151 8775 7819 9331 1136 1853 3452 1155 2029 784 6899 1161 1112 5024 5735 535 1230 1418
28 8728 2106 5920 6764 92 1968 7066 7764 2548 9362 8345 7062 6122 8199 875 4560 2619 5330 7670 2195 6419 2005 6448 844 1680 6441 8865 710
28 4687 315 3512 9871 671 2578 1725 5824 9720 3761 8916 3316 9384 183 8390 3374 9017 5807 6837 5438 2779 4431 869 5685 937 18 794 4156
28 3564 8449 8448 1201 415 8595 244 1710 7167 7967 2526 5226 1154 5520 6923 2712 2334 4945 923 7105 6867 7544 5095 9280 1074 1191 6087 4987
28 580 1635 3490 9954 3732 1250 1859 1391 281 3757 1071 6047 2144 6612 6264 2447 8286 3385 6506 2427 4321 7826 3683 4230 6717 6944 7002 231
28 6649 7357 5516 6293 4007 9742 9075 7271 8099 576 3772 6772 6522 2204 4144 7124 2871 205 574 5365 3934 4766 755 2474 5731 2337 6585 6288
28 61 4223 1640 2245 5263 3513 4045 4206 272 5040 4533 5389 1761 5925 539 2522 5401 4362 2701 7658 9414 1437 6477 7412 8858 8735 6644 8527
24 4788 7082 5757 4602 3082 4034 5298 9896 1176 8819 6085 6578 3150 7914 600 7327 8936 2676 3806 2058 4797 8702 9692 2946
28 5161 7346 6245 7787 2751 9394 5861 4031 3584 8481 4357 2400 386 7798 9929 8954 2708 8196 5936 9352 8794 7593 2339 7343 2298 4339 2926 7111
28 6456 2928 7666 2639 5228 3345 5844 5684 4062 893 2808 9225 6339 3262 53 6289 2555 5149 3956 6095 7241 8355 9984 4052 637 8070 4069 4047
28 8179 5654 9830 4411 908 2802 4858 230 7609 4014 4378 8872 3351 4000 8495 8081 2499 7578 9924 8472 4577 2807 5515 4231 301 7834 5931 9354
28 6952 3170 7255 4115 5036 9381 6737 6757 938 9157 8540 8693 863 4626 8824 6906 25 7838 2028 5231 8712 1044 7597 8195 469 432 4311 8375
28 7877 5510 8338 1 5433 2673 4398 524 6751 6253 7610 6939 9988 2749 6483 6131 4740 6309 8643 5153 9088 8983 6501 7369 8089 5047 8939 3994
28 7799 9768 2973 2235 7759 9466 1412 1785 365 9300 4651 112 8811 7497 1316 441 6827 8002 858 5918 4751 7523 1552 4041 6914 4779 3860 5720
28 489 3029 6420 6498 8504 7043 461 5001 9882 8918 7620 6799 5689 2099 6530 9111 7272 8231 132 4216 995 2472 9689 8923 1120 455 9811 7460
28 9207 9851 9045 9464 5069 3530 5260 1299 9823 4426 5523 4440 9571 6829 3982 1606 1828 4524 7655 8561 4253 3175 2865 4700 8260 9014 8430 6919
5 8184 5332 9286 3842 7692
28 8420 5487 168 7668 2207 91 6587 4857 3811 484 5794 2546 1034 9092 985 4360 8241 6154 110 4427 3728 2962 1022 3003 5623 9646 3107 9638
28 8675 328 7446 9511 8112 2044 2790 6156 5394 2938 4330 37 9894 3495 9835 7969 6347 7240 6949 5403 5745 2372 5935 1419 7801 6635 1939 9906
28 6424 3104 5090 4141 3366 2661 7169 9054 9687 1715 7148 1513 1668 8250 8512 4262 787 1361 9096 9066 7473 522 1507 1903 1809 9220 1652 7182
15 5245 166 1200 4869 3818 7282 7150 8798 4211 8366 5804 7288 6187 8359 1889
28 6160 1689 7574 6392 8615 2480 1700 4884 6868 8150 7262 5929 9152 4810 2789 4289 654 1578 337 7514 915 7559 712 9956 5368 1961 437 6127
3 7468 5060 933
28 1866 6851 9927 8791 645 8938 6188 7915 1875 5306 5073 3689 1818 7521 3511 2351 3908 9522 7667 5755 6330 1085 6725 955 4785 8232 8424 5398
28 3692 1852 9144 5511 6512 1631 4441 7498 2234 4453 4899 4443 453 6205 7549 8676 9471 1056 5947 3831 5015 7850 7540 2064 2914 4424 1841 8331
5 8578 4352 6473 266 6216
3 9121 9191 7086
28 1993 8629 4875 9002 9209 3482 8782 2842 1568 1810 754 3573 433 5625 996 253 6385 7893 4975 6852 3367 4287 6193 7938 3327 6151 424 465
28 3239 5856 3073 8085 7386 3181 514 4249 8662 6684 8646 6908 7588 361 9447 363 5741 2183 3132 1574 1483 7317 9057 2628 1408 6665 2864 4145
28 9901 8073 8434 1601 3232 5622 5014 3230 1541 4472 4523 740 5243 4382 4345 4754 8181 9959 9578 6524 5236 1018 4061 1802 240 2821 1137 20
27 7911 9459 5829 2916 169 1746 6476 3305 1159 1871 8767 2631 8343 9470 3650 4631 4478 1151 9856 5488 7688 4313 452 1726 5551 9637 3749
28 9411 8792 8915 9345 7785 3290 8506 4353 8444 2804 492 2805 6617 7782 3331 305 9312 7632 207 2475 5775 6018 9203 8352 1536 5616 6242 3588
6 1563 5746 533 2825 9138 5250
28 4882 271 4720 4520 9410 159 2884 4638 8843 1861 9778 4825 7125 149 8473 6030 7201 7997 1196 1274 3048 3033 8441 2361 1479 3042 4018 4803
28 5902 2784 9633 476 6078 7425 8617 8296 7422 2513 6292 8177 4368 214 3395 3061 4501 7056 4933 4436 8777 5531 5814 3644 1043 3378 1677 4750
28 7229 5721 7102 5054 6814 2665 382 8075 1466 1464 7630 4212 7510 5357 4694 7661 1596 8135 4386 4116 2369 9036 6435 7603 3762 2610 4185 2509
28 4066 9595 9815 8772 6244 5170 254 2885 2766 9513 3948 6527 4660 6798 7313 8971 668 2155 3497 2953 7426 123 2310 1813 8948 9499 5876 3857
27 6965 2963 9628 4028 5584 7595 5809 1376 130 9734 3356 4988 537 2016 3682 8161 2177 5215 717 4306 2855 8132 440 5895 6979 9977 5714
28 610 3459 6360 1685 5422 8652 1475 4800 7614 395 5133 8748 9939 6387 9275 3503 6588 2974 8754 9662 6760 6489 5669 2307 6057 1084 758 638
28 7318 3329 975 9042 8529 1256 74 352 2977 7806 5582 4290 9848 6020 5479 2215 3955 4849 4961 9310 3733 7776 1899 6349 5581 3780 796 9172
28 2429 3202 9487 1949 6537 7171 2045 5021 2191 196 6726 1814 1832 4730 1444 8003 760 3320 9695 9500 3941 8635 8866 9585 4901 6981 5988 8740
28 6633 9691 839 7434 422 8761 7679 9639 9303 5176 8460 1781 2994 6308 3330 9572 1124 7925 5677 4737 8759 4412 1059 7376 5311 5434 8612 5953
28 2278 9087 718 1460 7284 6597 5008 2156 6190 6642 7842 1720 8415 8669 6734 4762 8720 1505 4448 6214 4402 4401 8095 4769 2193 9277 6595 1247
28 2774 1100 9926 506 6026 1023 8585 1004 5211 9056 1756 1027 4947 7635 6790 3353 8201 7396 4425 7033 3192 7452 8982 31 3310 7996 5865 2983
28 9020 2520 1904 3616 1281 3759 3099 9632 6838 880 1747 9583 5384 2644 288 8526 7721 6362 3809 765 3407 8949 2878 8096 4735 3965 3620 7641
3 2418 8426 2783
28 9291 8713 2399 3319 6024 6719 2810 2875 3210 6839 8650 1767 6897 1116 8076 5796 8050 7887 6935 6232 3864 8663 5869 1077 7784 1966 8808 2586
28 9626 1625 5120 8989 8298 1311 7274 4677 7680 4087 1842 2153 4746 6130 7354 3387 2733 888 7851 5612 1675 14 3488 2458 4310 4295 2540 2544
28 9187 9306 1518 3398 633 8228 4819 6248 1791 7866 5583 8563 6940 5778 9049 9389 1906 3144 7030 2001 9857 9606 8929 4861 4697 6968 7789 9517
28 8509 7319 6942 4938 7110 6893 189 8510 6103 8450 4768 90 6042 9193 1572 3935 4748 162 2101 4999 5752 6183 7740 3957 4242 3172 6241 8480
28 4586 3067 4686 1491 66 1509 1459 9741 6596 8793 67 800 1516 9967 8314 1011 2381 5761 8839 9726 764 8762 3745 3287 2683 8397 8119 3562
6 4644 8774 7580 2982 2033 6407
28 2327 6377 4048 9450 3721 39 3203 5782 3476 4772 2935 6495 5216 6565 6504 5522 7291 5585 3804 4991 4462 4774 2823 623 6693 1377 3559 9304
28 4098 5500 7876 6454 3993 8804 6491 6746 4224 5163 7147 6982 243 72 4597 2545 4026 2459 570 2481 2929 1881 4530 5435 4886 6546 7335 3755
3 7227 5698 3833
28 6694 2915 284 2570 9202 7642 2556 8945 3673 7525 7566 4942 2129 456 5852 2582 2283 2868 3217 7242 7450 804 7158 8849 2843 1141 2449 5174
28 219 4170 3066 7698 6580 3205 8998 7770 8857 2373 3077 5992 6397 2087 7273 748 3332 9855 903 7332 7589 2775 2629 259 2583 2492 4606 1139
3 2176 3849 1908
28 1815 3424 4153 3116 8188 8695 2260 3895 5878 1448 8307 527 4190 6996 2943 9866 7622 7695 5115 6427 5142 2624 5544 6445 9129 6569 3679 2049
28 3008 7677 655 9164 5642 2706 3867 9553 7726 8926 1123 5694 9428 9902 2186 3076 8732 868 5772 2066 324 5423 5578 6631 8888 579 8674 2770
28 5222 8277 6409 7442 8367 4664 1110 3694 7894 8027 6953 7560 4549 9718 4468 9725 2420 2476 1385 6010 3653 9373 1801 5667 5254 5973 7459 3812
28 8271 8979 7236 3936 1079 6422 8485 7234 4561 6775 6974 2139 733 260 5183 9021 4187 1687 4385 4361 7144 6673 3633 8666 107 5661 3535 4241
24 9670 8715 1260 9620 7882 5457 8560 3946 8026 9607 6138 6038 2947 8931 7061 3360 2012 3198 8394 418 3243 8716 7423 7202
12 2944 3891 5699 5303 3636 7010 9963 6865 4802 4690 4038 1555
28 6361 2422 2717 164 559 1817 2314 1947 7793 1656 6290 5104 4407 2486 4876 5175 3018 5706 9455 2092 6640 2136 9887 5248 3529 8043 7011 3286
3 3321 4455 9640
3 3647 2742 1655
28 8564 499 199 5156 657 3729 649 7176 387 6036 5353 614 6774 2414 8442 815 2688 6315 1648 4169 5281 5641 4508 6598 2211 6470 8519 5415
3 7716 2293 1830
28 113 3572 7602 2333 2217 2076 4227 6161 3278 2601 3534 5976 3235 6129 4025 6802 6382 9047 6611 7780 1153 932 8100 6015 4752 898 321 4292
22 6913 4200 9105 4137 2105 6805 388 7564 4564 2841 4002 5651 684 9080 1945 7960 334 3823 7858 6284 7308 4476
28 6607 7428 6718 9314 1733 5238 3247 523 1198 4654 4055 5767 7101 1976 619 2242 5448 160 5194 167 466 4416 4556 5949 2697 8429 9938 6613
28 3168 7585 4246 2686 2900 3364 821 1429 8691 8598 9784 613 6858 4218 223 9597 727 8392 3706 8405 6022 1380 307 4968 4918 8278 2286 4865
28 2313 892 9586 8681 4595 1143 4838 2164 808 7594 8960 4682 7192 8361 6014 7015 2615 8914 158 2750 7522 879 9200 8790 2730 7906 818 1019
28 1724 1674 8536 2635 751 4503 9812 6727 1709 5208 4893 9919 8264 5956 1824 2500 1183 8966 5826 620 8611 9338 2460 2550 9775 5977 392 5253
28 5402 1251 4807 849 1474 9159 3373 6930 2893 9968 5664 2268 6298 9863 1463 6738 8478 4238 8600 6835 9178 2014 480 5894 5362 8482 6364 9532
28 6900 5710 498 4957 2654 2979 886 1338 8620 4394 2729 7879 3808 3161 5326 9958 114 6229 8065 6050 407 3766 9147 8411 13 1312 3093 3402
28 2507 2523 4207 5351 529 1169 3623 4653 8159 4675 1876 5364 9403 1670 1719 6490 6667 884 5997 603 7053 5276 299 7039 108 2329 566 136
28 5343 6068 2605 7193 161 4256 3675 8820 7045 8293 3606 8649 9072 4369 4258 80 9853 451 9892 651 4672 3464 9622 5926 667 6384 4296 616
28 3667 8967 419 7710 4643 5557 1521 8500 4301 6963 8268 9136 3473 2237 1749 3525 3881 6256 3517 1103 1216 4596 1128 9668 7863 7968 327 4319
28 554 8447 4225 1863 942 4958 9284 1643 2040 6591 4777 274 5420 9091 2433 1446 1375 2466 6632 237 5056 9217 2490 2703 5596 6514 811 2055
27 7088 1530 9696 3220 2776 2394 106 599 3782 5519 3163 5016 1525 7531 6117 8039 2030 8709 2801 7 4151 7878 7664 9773 9210 9764 9569
28 8587 1778 7243 3906 3778 1880 2866 2192 4832 3308 4219 2024 7130 8513 6469 3376 7408 5468 7336 7765 3944 788 7484 6986 1452 329 8654 5225
28 6418 2143 3200 3615 3194 5579 7769 4714 1639 8826 7587 8475 3824 2358 7605 3577 4505 1623 3771 5223 4483 526 8046 3638 8082 3126 3887 3825
28 9698 6786 3632 6141 6809 9846 1644 4236 5569 4685 3267 2205 1277 6556 1740 2365 2646 6787 9903 9693 6017 2262 9007 3343 6045 9936 8980 8414
28 8698 1489 6338 1102 4764 1511 4328 4147 6681 3127 9085 7807 3052 731 3560 5524 9969 8318 7908 4557 5030 2529 1427 7052 7163 4049 5854 4268
28 6780 4084 3105 2442 8306 2187 294 4244 285 3079 9302 122 8599 6995 4276 8887 2010 9050 1712 4640 1122 4983 1086 341 317 8607 2609 2840
28 6767 3024 2881 5012 881 4371 2290 5770 4209 5909 7077 2506 6574 8141 7385 9422 4370 2403 2666 5066 6472 5447 5972 1129 4611 2152 2839 8535
28 6044 6155 1240 984 225 6698 4270 2565 1787 6203 7440 5730 4351 1229 7098 1485 6299 63 358 5297 7756 7127 6616 2161 6148 729 5900 2848
28 4056 3976 3083 5779 9617 9858 7629 3499 2057 6680 3714 1073 3045 4359 28 8006 331 5945 1732 2347 3309 8333 705 221 8216 4393 7356 3120
28 2531 9412 3411 3026 4171 1182 7466 7691 6905 2444 8212 4590 7718 7520 9686 7976 752 3059 336 9365 5178 7485 145 3898 7183 4273 7410 3664
28 3410 7117 1206 3036 9537 5701 4971 6999 6808 1199 6452 2850 1649 771 2995 8844 8233 5355 7023 7050 460 9257 4633 4226 8879 4220 3185 1510
28 5881 2335 318 5627 5287 9570 8981 138 6134 7231 6743 9231 7100 2611 6813 6758 5985 6564 1616 6887 7495 1280 6107 8943 5964 234 1758 7700
28 1879 3176 1986 7686 3477 1422 6832 7724 5534 3285 399 6366 2990 1450 6928 3960 1717 5832 6144 6766 4193 6535 7696 1698 598 7742 906 3619
28 8086 9495 9382 8682 9761 3098 7576 9238 1584 9574 543 3625 9798 3747 6509 3136 5059 8757 8365 706 1076 2302 427 6496 2170 3522 6559 464
28 8189 5466 5777 7382 6480 6589 969 9729 8815 1774 216 2851 8166 3551 4739 2911 2590 4917 5574 5774 6487 2588 8825 8398 1095 7281 5819 144
28 2828 6304 135 7579 1319 775 5899 4907 3710 852 3977 3699 4232 6061 7619 2389 6812 2158 8340 781 642 9058 1149 3140 3304 9146 3347 7161
28 1794 6004 3717 1797 8259 6066 2453 7207 1679 6548 4562 7626 5233 7978 7153 5383 9762 647 9161 1108 5013 5613 3698 1728 2998 9025 3690 3204
28 7849 9401 9297 8079 9576 177 5310 3754 5372 4266 2051 928 1956 6823 7528 9899 7121 3730 1397 1858 6355 2725 4994 3942 6958 4554 9577 9117
28 394 6239 439 6575 7203 9604 6331 5221 7381 2125 6165 1624 6540 3130 3553 4870 7675 8727 5546 785 191 2716 8223 5348 8488 7719 9700 8210
28 6269 513 7000 5234 6196 2320 949 2122 9667 1061 7259 366 5565 5552 5419 1769 6126 2549 1089 5085 4972 1127 7744 5845 9061 1699 980 1646
28 6843 661 8803 32 1587 3439 9408 1364 777 2034 3959 9498 6505 322 5360 814 5255 6037 6230 3937 8514 101 3922 5130 2592 9850 9311 7036
