29 3160 6791 3856 6595 1745 4476 4942 4298 4251 1609 5023 4921 8507 8661 1838 693 6350 7932 2899 8379 3140 1814 2117 6659 4020 6901 7801 8412 9941
29 3042 6845 5049 5965 540 1178 1760 7359 1174 111 413 4130 5405 954 7298 2549 6726 386 6739 9337 5094 8676 8326 4999 181 6532 4683 6969 4184
29 7136 7662 8152 7331 1863 3391 949 4597 5875 8042 1207 7753 8437 8115 4723 9177 1456 9077 4162 7041 4663 3413 3655 8323 1728 9778 9164 5717 9982
29 5954 5524 7222 8027 2526 3380 4530 91 2322 4370 620 9529 6976 6429 1905 1171 3886 1403 5640 774 3017 6834 6465 7754 2721 7107 1105 4832 7341
29 5831 4469 7984 3579 4151 5680 908 7349 5439 848 4292 8153 778 7157 5093 2032 3287 4164 9156 1803 7940 5888 9205 6619 3239 638 9071 7806 3634
29 2098 5160 3496 5206 6150 9263 9147 9864 4724 7680 7268 6287 2382 2014 3568 5191 5982 1225 2128 9901 3342 6194 7892 8811 4320 7478 7843 9349 9154
29 2863 7427 6687 5898 9079 7383 4309 8569 2021 5434 9889 3191 798 2019 1553 4276 5746 3971 6938 2997 9746 7913 114 4038 2885 2571 5859 4956 9799
29 7245 9194 612 9646 9984 2555 1794 7201 7675 5090 1872 5329 8335 3011 32 1353 9483 5013 744 5139 562 1072 9879 5039 4746 6181 2273 8443 8314
29 493 395 551 544 9884 4573 1677 1917 1541 3158 9260 3484 5488 5118 6060 4471 6594 9021 4143 992 5979 5684 6455 2072 1378 6308 2881 3901 9204
29 7833 6021 3533 6231 4034 5658 232 1004 927 1219 3262 972 8691 7549 5820 8882 388 8843 2333 7624 122 1703 9859 2884 2990 5276 1295 3472 8629
29 6613 2652 6931 5794 3306 837 3346 8679 743 3086 8655 4533 1960 5854 1498 6706 7564 1848 3728 9846 4854 9062 7339 9977 2927 9535 4793 4963 9700
29 1785 9211 6879 4068 2755 4126 4887 6437 6978 1120 8602 4657 6456 6993 8886 4351 1840 211 5150 3638 9226 1617 2619 9620 2393 860 2123 8583 7134
29 9997 9054 6578 3501 7798 6278 4639 7800 6470 9006 8150 868 2705 133 2761 9547 449 5287 4389 5750 104 7085 8531 2437 1281 5937 7938 5042 6413
29 2772 3384 766 276 8833 2168 3703 9223 4185 2001 1545 8047 8844 7300 6375 1392 1832 335 2173 6020 5494 7254 1658 25 3614 7858 6266 2957 8465
29 4506 8595 1364 6754 2195 2664 3242 8111 5223 7045 7062 6318 5768 1176 3028 5804 1876 1351 1652 9316 9142 5145 6420 4270 4287 8164 8501 7194 1778
29 3117 1187 553 4099 9073 6869 6554 2242 8292 6160 6666 6651 5811 5974 2165 8578 7758 649 7189 9401 6219 4772 5243 1997 9766 47 7008 4708 2678
29 8019 8453 5241 8851 6756 879 7016 9407 6419 5822 5490 5279 9116 4215 1774 8550 5622 3359 8420 2259 3965 5656 7659 8045 7477 8987 4827 8819 1651
29 333 3968 1060 1037 5566 1390 970 1238 8517 3304 6690 9979 7443 225 5833 2251 6323 255 6689 9294 3365 6243 6801 7666 3214 1975 7029 9330 3006
29 5260 9488 1468 702 1398 3671 740 8494 9380 7038 5314 7082 8976 9135 1879 4177 8975 8519 2319 8138 1065 2210 543 2302 1957 497 2143 8879 8909
29 2854 4398 3128 7120 7020 5448 7203 5863 3604 1007 7291 9087 8861 9311 2114 7238 1606 803 9509 5431 8380 3523 5025 7354 1279 749 6161 4135 5486
29 9861 2191 7574 854 2479 593 73 9546 7981 4483 1218 5420 7596 3981 3609 4776 4955 583 8429 5078 1510 5364 6774 6103 6201 205 8986 764 4300
29 6933 1466 5149 5462 8324 6421 7408 1342 5302 4289 6256 8878 5282 6646 863 1706 1173 5205 1931 9693 3395 7391 2503 2778 651 6305 3349 7533 419
29 2440 9561 5008 4169 9385 6313 9874 4282 5274 468 5189 4064 3290 7308 539 2237 1391 4493 5672 7783 5563 4859 4912 4468 7517 7677 6762 9697 7756
29 5634 9543 1734 487 2573 6681 9831 6036 8581 5975 3565 3603 2897 2977 8883 7075 1927 4406 5816 1884 4606 269 1372 826 892 8068 3138 4585 849
29 8854 2823 5041 9227 6509 4697 3443 5670 5176 5235 9093 5533 8755 8826 866 1866 9098 6512 4706 6685 3749 765 9318 2285 3588 2308 1550 4965 3517
29 2820 9440 7946 5345 2756 2144 7974 4975 6312 7703 9634 4443 5249 8686 9185 9673 112 297 6526 3372 9028 9132 9691 735 6713 1629 2915 6955 6441
29 1666 7613 8523 6168 3735 4248 2992 3300 7392 5502 1269 3825 8611 6780 9217 7587 3409 4482 4868 9016 6383 2240 5011 814 2257 1115 3083 1399 6804
29 7759 6891 548 1014 6748 4629 1165 5138 7356 9798 5119 4990 4565 5198 4943 6743 407 7248 7103 6682 6373 4022 4624 5575 7119 7166 7435 3106 9958
29 7590 8698 6214 7394 3612 5082 5522 3326 2470 1310 1096 9689 123 1972 1968 5842 6111 6758 842 4441 853 8071 6694 8690 9962 5344 3840 2668 8395
29 3516 8579 188 8356 3763 979 3731 572 3745 8458 3835 7906 8939 3926 5994 1517 4549 3109 7040 1006 8021 2002 3613 1874 5402 2834 2119 7422 7722
29 2139 6227 9037 7979 3064 6348 795 8454 1485 5769 5384 7284 4689 683 6208 7044 7196 5567 1910 3549 827 6122 8126 2282 2559 6573 3072 2530 75
29 3060 9858 1691 9755 2506 7790 2106 3205 1299 8874 2286 1329 2397 9043 2730 5214 4845 2663 3088 4686 4233 6071 8065 7287 44 1937 6029 3059 5269
29 5679 6330 7395 2693 8829 8714 784 2096 3427 4457 1082 9012 223 5848 58 9326 2889 1013 307 2208 7821 6642 4651 2796 1181 5586 4674 1522 3531
29 7080 9960 7787 3316 7084 1985 7607 8831 1888 8974 4489 5440 529 8775 6044 30 4378 5199 7578 2596 4928 1475 9539 8084 1254 480 3645 825 4678
29 1711 5798 7918 8431 460 5020 4903 6244 4134 8993 1694 3194 5852 1952 6892 1068 8764 887 8626 5778 2750 7303 6917 1869 8810 4682 9003 4923 6065
29 6885 3902 476 2512 3762 9115 3722 3644 9059 1679 3545 8008 39 3629 1507 9355 6924 3113 4261 9985 8825 7311 4403 1583 4407 41 6881 5779 7911
29 2446 1143 523 8513 5109 2036 9825 9272 9495 2843 6800 8214 5828 3464 1721 8475 3961 6940 355 9946 2277 7250 5019 2109 2618 2706 3758 1851 6301
29 4172 6956 4066 4318 2640 4156 5714 8365 6764 1427 9921 4019 8801 6192 1482 9453 5076 2425 2026 3263 6468 2461 7902 1811 6943 6041 24 9995 3048
29 7643 8404 1365 6664 3126 678 682 7878 8911 3683 8258 4519 5106 4930 3700 9252 4125 7437 1741 1201 7535 5933 9849 2751 2626 9947 1615 7608 7652
29 6812 1599 4338 6623 2003 1515 4030 5916 2541 4110 5659 6893 9007 1544 2967 169 1567 4893 2118 6589 4142 7034 2162 6981 1812 3041 9916 2249 5823
29 295 3233 2332 6463 9956 357 3847 4621 793 2303 5055 1168 9497 3771 178 7171 2658 5056 7428 1400 3768 3115 4426 1878 8058 8660 3958 6264 9481
29 5454 8085 4797 7638 2304 4976 9540 679 9324 9308 4647 521 8931 6809 4925 6100 3605 1763 8186 9875 8340 6196 6254 3838 4961 9563 368 7805 1363
29 9832 2766 4390 2 8083 3009 7259 3079 5053 4263 525 38 4456 1126 2413 3401 3047 2407 1216 4439 7627 9682 4462 8576 1576 7106 3985 7654 4915
29 2635 1764 1247 736 6925 7992 3881 9456 8848 3167 5121 6862 4100 1056 1249 917 5827 505 7225 2192 3964 3307 5319 3478 8043 5398 5774 6561 5638
29 4904 8184 9791 479 6407 3680 8526 513 6538 5821 1189 5501 5347 3584 6716 9359 9400 9471 646 463 9341 4536 1331 7602 6324 6052 5780 7850 5723
29 2921 2146 5941 6482 6382 7769 7086 690 3905 4831 5603 7345 4667 7388 5015 1052 1383 8029 8921 6140 3397 7113 8202 7734 8845 9041 3970 2968 85
29 5604 8267 2793 2524 273 7723 4252 3854 2266 9531 4062 7802 1988 3094 9008 669 418 414 5038 6127 4554 346 7658 7228 235 2523 6776 845 7492
29 5455 2163 3119 6416 7026 9752 8257 1222 8249 2175 4579 7039 8824 8390 3646 9712 9047 8720 3408 4853 8473 9479 9972 7048 6688 4437 3024 4256 1637
29 7851 8561 9913 6046 4 1025 1095 2868 2194 6230 5749 2474 2539 8345 3944 1894 8288 461 7848 3550 9137 6047 3002 9572 2095 427 3101 5930 4916
29 4114 3075 3833 8586 7976 2085 6049 402 6747 8700 4898 84 6585 2463 6757 7656 9507 3928 4498 9911 3296 9840 6101 5101 8219 3607 5375 5178 8636
29 2922 8607 9117 8797 9735 1123 3318 4231 9310 9231 3313 4374 2124 3685 1452 8362 2708 5884 6476 179 3357 4816 6316 5686 6577 6932 1369 2585 6511
29 2603 2830 5608 5156 4436 1462 35 6112 4145 8262 4163 3431 4316 3368 9800 3525 5026 5614 2684 967 5271 4563 351 7376 4061 4412 3226 6390 8194
29 8980 5147 1348 9940 1560 5436 1093 9055 3904 3215 5382 4243 5395 249 7588 2837 4207 3376 2988 6528 4939 5576 8427 5016 1518 573 1540 9841 2980
29 3425 724 5583 1140 1250 4084 2057 320 3243 1555 5070 7863 3454 3415 6996 4148 2593 2309 4787 8817 3282 8881 8853 8556 859 6929 9767 3918 98
29 6340 5673 8177 450 8872 6444 6262 9585 5772 6740 1011 6707 8616 9250 4417 278 8599 3013 801 5103 3597 6116 7933 4850 4459 1428 1255 9847 697
29 6130 4107 5532 747 9175 1644 5744 3297 190 2624 3330 2943 1085 858 3054 9344 9630 6877 5123 8459 658 8748 9374 8770 9713 31 6755 7978 1911
29 2368 5325 3878 8781 3524 5860 5525 7028 3192 7671 5059 560 9057 4985 9367 5540 8999 4946 4202 3916 28 6825 9680 8243 262 5685 8105 1653 4821
29 835 7901 1424 8919 9806 5066 8293 541 7748 219 8652 9812 8821 8278 2617 2372 4656 7994 2690 7083 9234 2347 4210 4907 6366 2779 4998 9544 7162
29 2734 7760 4878 7219 1809 5574 1787 8968 8235 3675 3813 4281 8659 4511 4011 1413 9119 3552 6058 6314 2081 6536 1447 9813 1815 4995 287 518 6051
29 691 377 8654 8566 4966 8765 5796 9571 8076 4388 3144 1000 2780 4919 3828 713 1469 2447 6759 7582 8735 5544 7465 8648 7121 9579 4058 8768 2994
29 9670 2381 3693 9685 2736 1016 5912 2644 4205 2919 8215 7672 5352 6174 947 6462 4328 5755 5733 1084 3097 1843 963 2896 4571 9320 6883 1503 7688
29 1959 3198 8657 5511 2350 1239 1138 7944 1433 3234 6188 9545 4952 855 861 4167 3129 5631 5131 3394 5625 921 9061 3163 7332 4532 6821 4685 4331
29 2822 9764 7448 9522 2048 6876 5499 7513 901 4174 1423 7387 8734 2790 989 5695 5790 8158 3276 6788 4781 2764 5558 2340 2976 6159 1891 6680 8385
29 3883 3288 4754 108 3259 4933 393 9622 3882 1620 9056 4440 3127 6024 6544 5943 494 9674 4404 97 5745 3200 9945 441 9353 6012 1607 265 2149
29 4967 5801 3991 7929 8261 4391 163 185 141 4885 4262 8859 5281 9365 3003 4258 1616 7829 4305 2490 8930 1979 6926 9881 2667 12 2031 3038 7417
29 2600 6257 328 7694 6983 5251 1076 2774 8377 974 6233 8284 4612 1261 4829 6220 6991 6315 9929 5468 3969 8923 7895 4255 3015 2776 8891 4526 5211
29 1111 929 9820 4870 6973 1795 4627 7896 5315 5183 5856 9412 6310 4382 2560 9595 1536 9551 3371 9429 154 3593 6848 8902 1682 4811 9383 9296 411
29 9145 3240 6796 1407 1024 1715 8281 1784 3430 4432 5547 4032 5661 9769 5330 5270 6078 5154 3880 1252 1334 118 5932 2065 2214 3457 5372 5418 1921
29 9141 7205 9992 1205 5612 294 6280 7866 1657 1132 3850 4732 9466 9081 9002 99 6223 7999 2246 2362 6525 2471 3712 3352 7154 9001 8236 8240 1793
29 3249 1030 9460 5377 2860 2352 6618 745 8460 789 1290 4383 907 6082 5972 3463 8534 303 9928 3245 9000 3053 7445 7220 5294 6203 5960 3540 3818
29 8450 2091 2241 1983 4400 8884 473 4828 9240 3865 8325 1548 3721 6941 9959 234 6977 3891 248 7963 9271 6855 3577 983 1449 4517 3161 7178 9478
29 306 1833 4794 40 3295 2236 8594 9235 7592 6515 3742 6586 7785 1147 2666 270 9323 2231 7975 772 2742 3689 7687 3752 4416 1943 4890 9873 2518
29 2234 5383 9200 9304 7323 7625 8924 3741 1167 4527 3794 8943 2825 4425 1892 6624 4434 2411 4860 3445 7170 1663 296 7520 8522 6153 2895 5953 6614
29 1434 7794 5756 1036 2293 6718 4495 6128 6615 4588 1849 8623 140 8938 9207 4365 1511 7353 3007 4837 3787 3862 9789 4733 8554 5747 2516 2901 582
29 8725 2711 5595 4091 2145 375 4730 8442 9675 2318 2835 5096 7370 1321 2171 6837 4815 4470 2029 3089 7780 7862 4296 4326 6325 453 2789 9403 2507
29 8232 7179 8205 7335 9636 1631 1282 7777 2247 6523 5366 7400 4906 2017 2981 66 7795 4103 5043 6035 944 1362 7905 113 6833 6358 2444 5897 5517
29 8033 7313 7096 3519 1175 7845 4553 9315 9044 1193 594 7776 9809 9287 8109 5373 6204 4738 7079 4016 5858 3561 5785 2732 121 2385 4257 946 1154
29 6261 6190 4701 7689 5696 721 5052 466 6215 925 5322 7531 6378 2686 9902 604 4623 8461 8271 4359 945 9048 5792 2115 3661 7930 3030 7153 9741
29 389 482 5195 2715 9129 3266 2018 4015 9781 1532 7942 2760 1319 3893 2759 920 4129 5899 6939 19 4211 2102 8962 5091 3930 8165 637 9918 3708
29 3190 1573 3361 1139 8282 8615 6566 3871 3465 7580 8877 9857 3134 8446 3941 3437 635 7129 8171 1101 2172 2621 3521 1546 4646 516 5432 9015 1635
29 5266 5645 182 6970 5855 684 6500 1998 5253 3254 7847 7334 5289 3543 568 9729 2821 9262 7023 4991 1343 4029 5316 3426 2422 7223 8941 2386 1596
29 3660 7132 4060 26 7279 5724 4183 851 1707 5802 2055 7195 4002 5691 5800 9290 2714 9717 7027 1748 6019 7920 9167 948 1594 9613 7837 1946 6405
29 2758 7256 1330 563 4607 3716 4948 4116 2574 5838 3508 9704 1920 5600 305 7102 7836 9596 2453 5853 6349 423 2363 2294 9633 1361 4548 2561 6014
29 7320 9246 2330 2482 1197 605 7870 5170 4874 409 2799 7466 8145 4081 922 2006 4970 9587 5980 1426 2831 4024 8905 8112 7604 8244 5618 2809 4171
29 5959 9038 1040 3302 8327 9980 3783 9477 9186 1081 8917 5304 5766 6187 1145 8926 5731 4310 2839 807 3736 8102 9652 9181 566 1939 8640 6865 8392
29 3039 8502 8125 2012 4560 6504 2391 2745 4953 5293 3637 9862 8455 6486 4371 3853 7514 1654 1845 5616 4508 8521 4463 8818 4196 3406 7861 362 4188
29 1179 1660 4170 6402 4249 9625 343 1160 2728 4229 1680 1825 6085 6701 1885 8780 5594 5001 8984 7710 6984 8209 8485 2383 8533 6495 9444 4767 3810
29 5588 8372 8386 4769 2614 309 6779 7872 8154 3212 8330 353 6367 430 4813 1664 4027 3231 5498 3337 2816 8173 4485 464 1287 2942 4643 3334 4576
29 6096 7735 687 7552 3518 7147 4323 2762 74 9220 332 4774 1742 1870 8675 7069 2206 5242 905 875 8580 7140 8789 7583 5936 4840 7817 6038 2338
29 2223 4581 330 7636 6374 4005 2439 5742 1411 8476 4726 3315 3416 710 57 6072 4700 1906 5655 3732 1476 8354 7498 5017 2398 940 9869 8307 9418
29 8172 6982 7115 6871 906 9907 8991 7054 5512 4413 21 2986 9218 8482 382 6439 999 834 9626 6043 9105 242 6355 6751 3237 8376 5317 3530 5666
29 6599 4801 1339 4802 6445 5868 6826 134 4589 8680 4201 3606 9179 6735 4862 2527 633 5493 5415 5920 7716 8280 2374 6317 1626 4981 7631 5365 9770
29 3592 957 7793 7922 7985 2701 9856 365 9990 465 5601 3146 9187 9458 1853 5775 8276 613 6336 6394 151 3691 9569 5009 2104 8218 2380 5204 7456
29 3183 1377 9104 3312 8950 8584 5126 9485 9725 8723 3364 8296 2699 1701 838 6453 9264 7585 1720 7095 6034 5449 9108 4039 7616 806 9971 9555 4659
29 6781 8039 3701 5997 7543 1961 8711 7117 22 4900 878 7423 5018 8639 6741 2015 2387 9553 6417 8403 7504 9649 5649 4993 3943 378 7764 2134 531
29 9581 1492 5503 5537 6102 6677 2295 5424 4385 6675 6989 1402 2720 8332 4288 2185 8242 7591 2754 7398 5421 4849 2784 1877 8567 4580 145 8180 5921
29 1134 4830 5492 5472 9702 304 2138 5218 3984 6567 3078 5064 564 6811 7344 5299 2951 1632 7879 148 8212 4445 7501 6335 9576 6667 8070 9410 7917
29 7318 9814 8543 2933 2578 9761 2468 5446 2679 6584 5222 4047 292 428 6006 8355 9040 6628 1656 8496 7571 723 5155 6569 344 8830 2400 869 7774
29 4115 750 8983 144 2965 7603 2053 9406 4190 5704 4684 7122 2044 6143 8761 95 8087 3293 3852 4987 5626 3230 2529 7440 6717 3197 7852 8167 4539
29 8103 9688 8227 1909 1421 1217 2154 3335 8349 6630 7257 199 9750 3449 6399 7556 7888 5081 9922 549 401 7145 3022 4908 2533 990 4461 5877 7010
29 9822 5326 9868 6155 434 4628 7149 7347 5862 8904 4856 8808 5497 5874 6228 6048 7546 5688 8156 3252 2733 1455 8922 6887 3649 439 8353 8932 6632
29 6440 8669 9942 3099 9120 7485 7406 4969 3780 550 7761 1799 4823 6829 628 6147 4232 8757 7285 6957 3843 8136 7224 6782 4877 9894 1079 1665 7502
29 2849 3756 7439 3679 3582 2358 5683 250 1525 5074 9420 822 1405 2354 2882 3684 775 5825 1265 847 5283 8275 8252 754 2264 5650 6271 7399 5738
29 2150 2517 4122 3781 422 571 8381 3090 4575 4031 9363 5964 5803 2589 3441 7053 3641 8333 3737 763 7971 8357 9503 8685 5386 2105 5280 6952 7820
29 42 9445 5984 3618 1080 6767 7022 5010 5911 2071 5035 9908 8448 7532 1458 3963 8529 2327 1625 7070 7749 9206 6986 1930 9759 3173 2059 5227 8799
29 8544 8299 314 7309 3396 5086 1674 5303 2983 2176 9973 4223 1320 2724 9381 6540 3535 6725 4056 6777 1284 2159 6517 6 6709 891 8270 6061 7577
29 9351 2765 9584 3987 6910 6005 6452 3651 5748 1610 9067 4591 1935 7860 3220 8908 6521 8217 2700 9516 9026 5363 9036 1108 6408 6377 3468 2804 1648
29 9058 5130 3972 1148 7295 9322 7185 4394 926 8486 2097 2651 1003 9434 831 3896 1272 6400 1955 6247 6095 4013 4449 2454 9025 2572 3467 7854 3232
29 6056 8121 7235 4067 9095 4408 167 5157 6854 3532 7614 8562 3131 2004 2845 6904 2130 299 6120 9195 5866 1381 614 1277 8994 3796 8317 5284 9932
29 7418 9890 2785 3385 3953 4250 8417 7441 8914 5976 1233 9247 9300 2984 6836 5477 6384 3571 6083 1043 3935 7736 9101 7717 8736 127 9573 1315 5065
29 5876 7545 8971 9236 3410 7249 5706 3348 383 431 886 1395 527 5367 8650 4280 2631 6963 4812 761 4208 4744 4209 7601 6745 4346 3719 5562 7534
29 1408 4501 9202 8503 8613 4001 2058 4377 9853 5071 8499 6672 4428 799 4226 4414 2466 4645 490 3666 1696 8359 3627 2434 7923 240 937 7568 647
29 9738 2563 5334 9933 9382 4181 9909 6286 4341 5700 4124 3055 9372 3303 1146 6365 9214 5957 6792 5605 3178 9210 6501 9221 7730 3760 7729 3857 1766
29 9151 7382 656 3044 1325 2049 8500 8737 4799 2538 5514 9127 5290 3695 3061 7184 8614 302 9266 5458 9656 4968 5358 7074 3157 6008 3931 2016 3116
29 5371 8394 3772 5545 7742 3757 2258 1151 9986 6277 3362 4988 3356 3251 1308 8597 8498 8702 7635 4405 6934 7266 8622 8363 6222 8895 8784 8683 5987
29 3153 436 1956 5127 5826 919 7572 3040 8518 7455 5904 3670 3975 3778 5504 3211 2462 8425 4924 5335 2958 1699 11 3424 4798 1820 5507 5851 6588
29 7678 2414 3765 2916 5207 8439 2359 996 4117 2061 7536 1889 4696 1483 7114 96 5643 1346 6678 9944 7874 885 5381 3706 1800 6972 2985 4771 4131
29 9053 3782 5245 6250 2430 6211 5901 1245 5878 4736 8055 3507 7990 7150 3801 7615 183 3046 7628 6199 6131 988 2987 1718 3938 5559 7371 9860 7887
29 6198 1568 5771 1976 8540 8277 6731 6446 1836 7024 7950 3298 8231 7612 7491 2949 1057 7292 1710 438 7446 9114 2553 4108 8146 2329 4353 9782 6216
29 3448 8653 7569 8120 3417 2201 5693 6309 4193 4641 8668 1724 5834 3010 5230 9716 3799 3085 3162 6949 7819 8430 3977 7505 1947 2088 3074 5470 6202
29 2586 4349 1842 6928 4622 443 5671 2232 177 4055 8511 4127 9309 5840 5135 9232 2290 2975 1903 6571 4731 7657 1328 809 7711 9023 8743 1551 9212
29 187 1788 5555 6655 3150 5726 2429 3170 4004 7765 6185 1002 8899 3321 2546 1457 4538 1789 7133 7826 1026 7451 3154 1995 4337 2828 1270 4037 7326
29 1808 280 8740 3324 2767 3536 6658 8572 5887 5843 4822 6354 1919 6684 5152 2300 3939 5399 6695 8869 7255 9684 1318 2991 4138 1486 8585 5681 6090
29 9475 773 4994 5031 60 5313 489 7379 4025 8182 6069 7824 9249 4713 3983 4421 4800 324 8304 6604 1984 3739 4409 7523 2248 3663 2814 8470 6246
29 7277 8246 8492 2205 3907 5945 9242 117 720 5100 7875 6191 5137 1102 914 5095 2753 5573 3222 6691 2543 7017 7252 2250 4936 7090 1638 3285 2288
29 9392 5030 7397 4239 3811 6657 1055 5596 6436 5763 7503 7108 3834 5817 4918 998 379 2181 1058 2580 2073 7954 4036 8802 8343 4841 6320 126 519
29 45 3860 8170 5632 432 7980 899 939 4044 8483 5238 7267 8558 7712 5075 984 7700 5422 8827 8 8064 5995 8127 1374 9112 5215 5928 5240 7207
29 156 4574 2890 7752 9190 8910 1229 883 2161 619 5429 3515 1618 412 7258 6380 1886 1156 1190 8098 3809 3032 5873 2376 4297 1634 8574 1954 2084
29 3187 804 9257 3598 1422 215 7361 8577 689 9737 7472 9654 9222 8371 1170 2508 7499 6050 5246 1164 1775 7092 3699 8510 8247 8195 8037 3829 7234
29 2995 3581 6245 6864 5333 3412 4096 3858 6793 9733 6138 8294 8956 6388 5581 3389 5627 716 8259 657 6458 2934 699 5232 634 3583 1672 2528 9577
29 3216 816 8927 7458 1124 3610 4788 6522 1253 9870 392 1754 9906 6665 9334 4839 9209 9624 7732 2665 8570 2438 2284 4150 20 7856 3404 4594 6491
29 4052 5703 7015 3921 8053 7721 6551 7915 2064 6276 8224 7935 2148 8185 7276 7271 9387 9776 1565 342 8704 622 6583 374 5261 3057 9358 2810 6576
29 4935 5233 5973 6258 1059 504 3667 3619 6559 2132 9562 4564 7838 7682 4551 8732 7155 7217 3754 7366 6165 3526 7139 5599 8803 1263 5845 6133 3952
29 8598 2607 1712 3260 1597 9719 8176 1898 4083 5425 8794 6648 6510 7321 7112 9666 3814 1341 5841 7325 5893 5089 9608 5819 8002 3601 2291 1738 2894
29 681 4494 6600 6003 4455 6912 971 6369 7927 5277 9375 3392 3174 7118 965 7853 14 2070 4763 46 9357 9259 821 2427 2691 5593 8928 6179 2497
29 4189 4662 6461 3560 3844 2339 5351 3103 2142 358 3791 7811 8855 4294 7739 9421 3073 3004 1286 2696 867 3591 5217 3438 6818 6311 8374 503 470
29 102 7229 3656 5881 9817 4739 8410 5506 6547 6572 8628 9502 334 8020 1856 3674 5531 8133 424 2974 1332 7182 349 7618 3988 3734 578 2296 4964
29 6428 1387 9591 4909 229 5654 813 1440 9619 204 2735 7355 3314 3730 6156 5443 2798 17 7141 279 4225 8998 9623 6499 7788 3207 2807 9838 4347
29 7849 474 9568 61 3268 768 4302 6994 9491 7835 8760 6252 4379 9464 6414 2225 7673 8336 8233 9432 9519 5339 8451 4783 6828 7156 2371 6732 819
29 5835 3076 1437 6935 4415 5416 1198 9892 1882 9339 7727 5963 1371 9414 7692 623 2697 756 3056 5923 9926 1208 1586 4593 8197 9774 788 655 969
29 5482 6897 9366 9732 8193 3036 5368 8532 8000 2415 360 7771 6948 9233 522 1439 8982 3068 100 9807 1090 366 6560 6797 8749 2737 5712 2565 592
29 9106 4922 554 5942 4386 629 4093 8673 1730 3176 7190 2052 4547 6063 1662 9283 5924 4648 599 8525 6118 3726 1086 4705 517 8658 953 8631 8670
29 8044 4634 4543 5669 6790 3122 4858 2536 530 230 2513 54 3839 877 557 4676 2224 6962 524 4649 4198 9313 2392 3841 3909 5032 9161 4635 3143
29 7138 2156 4766 5237 8530 1293 2609 2771 7931 1304 4204 2050 510 1744 5132 9430 3499 1195 705 7098 7814 757 6241 5538 8241 7968 1727 6830 6172
29 6570 1595 5952 5112 7890 9629 9537 3151 7316 5523 1104 6460 2408 3199 3063 3897 5590 9046 8563 6270 5807 8557 50 6631 4411 3779 3589 7315 4361
29 4467 9692 5528 8003 1152 2126 8865 6361 9457 4306 5597 636 322 189 8338 4139 9276 4191 3244 4429 4007 3725 459 1479 105 2501 3279 4235 5193
29 9413 7642 2954 9042 7650 2768 6304 2748 1821 5900 1852 4168 2495 7809 1094 3344 6953 226 8291 1582 9663 317 2025 1978 5795 6637 9580 3444 5885
29 3491 159 8952 16 4926 5102 132 93 2310 3340 9919 9089 7941 6114 8135 9196 618 4321 1246 1970 4626 6477 6909 3848 7770 8750 5970 1367 6479
29 6430 8896 5324 7894 6275 9096 8375 6205 2403 3785 8894 9664 8604 8509 2204 4230 1918 4043 923 6064 3617 6391 1311 88 4984 796 2670 3555 6207
29 9168 688 6265 4458 5263 4165 5166 3528 3341 2960 7091 7645 2923 6951 6591 6134 9683 8480 7684 7634 3093 6066 2856 857 4666 8077 5374 7655 8311
29 6229 5535 9336 3476 2353 3283 1996 2450 5739 4577 59 7213 1948 8094 5072 7779 2727 8900 8367 5444 2787 9610 3257 149 6415 4561 2075 3422 6787
29 9159 6543 3937 1862 3331 4018 6816 760 3770 9885 9771 6183 2389 3065 2704 214 4240 5810 2625 4972 3189 1107 2079 1685 5882 5256 5736 5991 960
29 2870 3452 8934 5153 7579 4286 792 662 1306 8211 1683 9983 8591 3502 5947 1819 8221 2047 9162 4806 725 3750 2729 7306 9208 1967 6404 7270 3595
29 3873 2996 5846 4650 1776 9258 6221 8897 1777 4864 9720 4101 2076 777 6772 8283 8200 7365 1471 742 8301 2317 607 5702 77 172 4516 1212 9138
29 4065 1824 6610 288 4219 5896 941 6902 3429 734 7409 2040 2685 6601 2800 6451 2692 1240 8495 3466 7226 9715 942 1716 2718 6074 6435 7718 1445
29 3636 4759 5903 6635 9416 6520 1639 1904 8812 987 3608 6590 5411 8963 9024 6362 8667 2792 7961 272 9319 1041 5341 5764 5275 6798 3474 5410 2423
29 2584 9696 6729 7982 8063 1562 8933 3203 3544 2989 9690 5480 2852 5306 7035 6611 5541 4557 9017 4159 2880 5250 8632 6293 8110 8061 9094 9643 1199
29 4182 2648 6640 9632 3696 7144 8006 3625 5105 5355 3336 8857 8665 6182 3446 4335 2292 3960 3261 9566 6372 2356 4848 7868 1396 2848 4512 2007 2388
29 577 4260 3911 6699 291 2394 8754 7751 3100 3481 1837 8159 1034 7288 3894 5577 4737 6494 6853 3077 5623 3087 7101 7052 3014 5285 6442 3913 63
29 2717 7566 7251 6493 1600 171 4307 2531 2477 1883 391 3273 609 1929 6873 4477 4438 884 9706 1850 6700 3538 8772 9022 5864 5430 8744 9109 3082
29 9371 3827 528 3005 3405 785 8178 2136 1354 7105 168 872 5428 7884 1963 6321 645 8847 759 5179 7057 1162 1297 2177 4615 6068 8589 3159 2254
29 3831 625 1196 9352 421 8549 1203 9184 8793 9658 995 1023 4430 9160 1494 5652 5487 4865 3473 6132 8664 5735 8633 5515 9805 4274 6496 7996 4901
29 4891 2847 3258 1860 676 5783 3949 975 8322 8206 1256 8191 5332 198 4199 6448 8497 507 6827 3428 6605 542 4012 6769 1305 9064 6722 2956 7264
29 4768 8183 1556 3659 9384 7773 675 4350 4465 8728 5297 1045 4147 3812 8601 982 1673 8034 2420 1733 2180 8382 898 2197 8100 3355 6633 6663 2103
29 1566 1204 3051 6032 9076 9937 1300 3587 7111 9883 4431 8505 6213 3390 7953 2060 1613 4010 7943 5362 9102 4755 2865 2328 1474 3274 8290 6142 4329
29 8078 2698 5889 5134 3707 2912 9229 8873 7660 8588 8358 4687 3795 2675 8329 5971 5642 6724 500 6875 8030 206 823 3351 5459 2904 9388 341 6422
29 1717 9360 2554 1410 9967 1264 5682 6057 5406 9270 6531 3058 1244 1406 7702 5268 830 6712 5931 348 4932 6109 9602 9291 2203 4384 8187 4097 973
29 9191 4671 256 8118 9273 8697 1547 5850 9848 8025 373 6999 9651 1352 9060 9681 1977 7813 1480 9644 1384 8738 6548 5342 2478 9244 7965 6806 8694
29 7653 9248 7031 2459 3954 7715 1373 4487 841 2722 9842 4401 7429 4546 7058 5646 3574 1 6863 9532 6608 1514 6281 7342 5173 1015 6371 4605 7368
29 4611 1130 6765 7384 1049 4587 4313 2334 2289 576 8318 8413 3121 909 844 7033 2695 9426 9779 5194 1569 8474 2597 8192 5196 4619 4422 8887 6906
29 3922 9740 8903 7253 5171 1923 4694 3486 2680 110 2867 1709 1128 2811 2342 8942 6376 2174 7064 454 7786 7469 5765 2360 2731 7731 5698 7165 3767
29 8858 2864 552 2469 7986 1430 9955 1258 4938 8912 2078 1215 1695 4583 9256 4112 5040 1781 7832 8161 9639 2377 5085 485 3859 677 6332 1690 9784
29 9888 3704 7475 5115 9836 4175 7327 6817 1802 1083 2373 1589 6025 4423 5727 4373 5037 1224 9701 3976 4216 5328 9364 9557 3354 4762 7004 6587 7527
29 5254 6557 3630 1772 5298 9963 3091 4395 9084 9153 1516 686 7560 7001 5767 1054 8972 9671 4475 829 6401 6089 8179 4366 5527 396 5489 2634 9346
29 8786 6488 4757 350 4050 8418 2622 6359 9415 400 2725 4028 3124 6878 4128 3672 1828 5252 3433 9230 6568 6370 5184 9924 5985 8416 7997 9724 5107
29 8141 3210 5136 5553 4715 7180 8368 9898 5312 3320 7036 8222 4992 6471 9923 2287 6170 247 2723 6193 6923 146 7987 9686 486 7741 5621 6135 3399
29 586 1415 2442 9699 7442 3275 1521 7768 9954 4500 5578 7939 5441 603 895 8713 2226 7823 5060 8795 1234 5814 2566 5408 616 5734 1211 9882 9600
29 7576 7337 4765 4279 1429 4636 9803 2410 7317 7304 4833 7706 4835 6721 4637 4424 1537 2087 4133 5641 579 9744 8104 7595 2844 5787 5591 7555 4644
29 8424 7186 2874 598 780 8766 5188 9795 3185 871 5592 1557 7404 6298 7130 8223 2564 5628 8199 9897 3933 1982 9063 4681 1958 8880 1473 2879 7649
29 7883 9662 2813 2858 9612 9097 6622 4358 7869 6296 7336 6773 6763 7509 1461 6998 9560 5419 7510 8692 7599 8411 1628 8535 3547 5729 1678 5836 6575
29 8220 7855 3681 4006 1554 3411 4221 8920 6553 597 8617 7188 3147 4601 2010 9876 9011 5003 8643 1940 8600 9379 6579 5359 7970 4872 1150 9431 2107
29 1574 4474 4568 7698 9268 1969 7375 5396 4880 5403 1986 5309 4825 2743 5220 9616 4838 1450 4742 1116 3793 4242 7967 3559 5725 3311 7903 2157 7364
29 3590 9446 9695 1590 2323 158 9494 4356 6750 4158 1688 4021 2262 5782 9996 1416 4693 7143 9345 9005 8612 8163 4176 2964 6916 5849 9645 4111 6627
29 2265 8545 7380 2228 3620 8701 704 150 3777 6015 4460 5550 832 6137 2424 5356 3418 650 6195 5047 9578 5141 312 5728 79 8731 1327 2936 694
29 3511 7781 5475 2876 779 4677 2710 6389 3715 4446 9835 2153 7007 6129 8378 367 9297 7273 3615 3788 5620 4620 6593 6838 2862 3653 4586 1791 2451
29 8946 3832 7402 5129 3291 3733 2346 3281 8645 5568 5530 2808 5890 4749 2683 7172 2740 1611 2402 1075 5165 4810 1183 8747 2819 8776 2481 7471 722
29 719 7297 4951 9797 9150 7667 2375 2744 1028 6344 203 4720 71 5073 4633 2125 2972 985 6527 7241 2932 2579 3447 4741 5549 1288 1916 6480 9307
29 4466 9887 457 5675 627 1659 8634 5759 1895 9178 8147 7525 4658 143 2615 4109 2216 8155 8107 4301 1755 7827 3586 714 6784 4947 9731 2406 5453
29 9180 3025 9441 2599 8699 4355 9329 5587 6535 2280 7407 1444 8536 9792 559 5978 7159 9653 4842 3566 4203 6080 1731 4608 7521 3451 282 6898 6148
29 1999 1846 1807 3951 7151 7436 2840 8478 3711 7745 7816 7068 8721 1091 3942 1114 3895 4118 3822 9614 1478 6592 6541 2063 7411 6673 2467 4014 7414
29 9014 8961 6200 3919 8936 2166 7691 174 356 6872 8131 1867 1436 2235 8254 3137 2432 4054 6958 7550 2628 9086 2336 5521 251 9927 7772 2783 7690
29 2209 7047 416 4937 663 3292 606 4550 1725 1693 5311 9993 6018 6908 3175 7013 3837 5989 608 6469 1077 2476 9536 6907 7544 6988 1697 6173 7796
29 1579 9443 1704 5247 9397 1575 6519 9936 3018 9442 7305 2255 2066 9844 7948 3458 2108 3253 8537 3967 7548 9402 2545 4510 8695 9347 2349 3554 2436
29 3016 5837 6888 5815 5585 5949 8746 4566 2039 1676 70 9952 2842 4603 1135 6968 6861 2806 7208 9801 6126 8101 7197 818 7281 9828 2532 6843 5255
29 5832 1752 8166 874 1053 5542 8727 9078 980 7097 5793 384 3435 7005 3477 318 4033 3602 9867 5111 8091 6342 9335 3998 3940 1010 8092 3188 9895
29 7426 1312 8710 5516 2141 8663 1854 9395 9851 4396 5413 9703 1934 3759 3026 1535 6106 1033 6734 1379 6831 5715 5589 6040 717 390 7966 5988 1289
29 6507 94 1113 9408 5400 4983 8957 0 4545 8238 9976 1182 5869 6272 337 1713 7898 6946 370 1901 1157 9605 6489 6141 9934 9045 7470 6546 6091
29 3709 1539 4807 7244 1505 4867 4076 1368 261 9203 5781 4882 2080 7740 9796 7126 4750 5331 8198 495 5321 160 5180 9886 2311 8682 8062 9607 3227
29 5014 9718 4259 8052 2815 706 7087 1322 9660 8040 3110 5327 8337 5664 3461 9668 2484 8023 3031 9521 5722 9225 6602 1686 8935 4197 9152 8479 4087
29 820 8504 5213 3855 1737 3347 5348 7489 6300 6097 2068 1723 3360 9736 6502 1598 5539 6326 7168 5754 1605 3990 9657 1951 1404 617 1991 6088 9604
28 4078 7539 9743 7449 4195 2801 3917 9753 2233 7651 6225 4375 5689 1847 7586 5737 1169 8587 9611 8822 797 1274 9301 7644 4381 4695 2556 2267
28 1826 8948 5721 4896 9751 8108 8012 5784 420 135 8391 3407 237 9845 4598 5409 7081 5098 4572 8208 6641 9468 6239 6260 7542 574 5789 4364
28 327 2086 5966 3149 5005 6123 6299 2908 2917 7401 6820 2656 7949 7025 5716 4883 9513 4596 2941 246 8729 9449 195 5996 4688 9030 6947 1185
28 3766 7006 9635 1051 2535 4053 236 6652 8642 6824 4140 6454 9628 1761 7859 1496 8960 9981 8444 5288 4154 6290 4267 4369 4228 587 2850 3529
28 78 8364 3471 2169 8234 2221 2920 4734 9338 8123 9500 7009 9216 2404 1504 274 52 2886 4187 8703 1463 9472 8388 7972 8637 5548 6094 3080
28 6950 9213 8870 8733 4529 2401 1131 9439 8840 9317 2547 4290 3819 2944 2671 8129 4492 5464 326 6381 1722 9369 9193 3369 2498 5491 950 4875
28 4141 3104 4660 429 2841 1588 147 4472 4348 3388 4857 9029 8989 7104 2893 7757 4525 4752 9641 9199 8361 8508 3224 37 9900 2716 371 8805
28 3123 3209 1531 3694 9899 2873 4795 9183 6944 8289 1526 9728 7312 2682 4448 8610 6302 2113 3718 3751 9333 8428 1669 1375 1509 7553 9829 6647
28 6975 5944 9361 2305 8820 6844 216 209 5757 3784 991 3631 1933 6406 6433 9122 3927 762 6964 8662 9541 4537 1497 6053 8708 3120 5257 977
28 654 3482 2365 8885 6237 6016 5022 435 6550 2689 5906 642 9228 3317 585 7307 9525 5212 9144 2827 2366 7562 7512 1538 509 1601 7926 8898
28 4974 3720 7011 5895 7367 6794 6411 8328 200 4559 9035 6927 228 1223 1726 6438 5394 1645 5463 5267 6514 9305 7073 8955 6506 65 4268 4419
28 9925 6668 5564 3903 4910 5307 703 3558 8389 3069 6357 2325 116 680 5606 815 6714 3596 7262 5061 4245 9146 8965 5660 1119 9474 7424 1099
28 7674 9157 68 7191 4200 6966 7910 7960 7483 6084 6210 3553 9655 9118 9763 6166 6146 6965 5708 3485 4253 9331 5709 3800 5391 4895 2594 6017
28 4523 3492 4751 1520 6516 4192 1592 8718 6162 6795 3280 8967 5259 4986 1771 3370 2341 398 9749 9171 6144 7594 5225 9978 3936 3148 7174 2952
28 3387 862 7183 2472 4186 8250 3114 2794 5760 8593 1226 4515 403 7663 5379 9050 9734 1973 2602 9269 1987 5172 9948 889 6327 5526 6157 224
28 2417 6770 3534 7648 4710 9678 2298 6752 6562 290 7484 8815 5847 9501 3889 2741 6079 4780 1366 4464 1945 6158 3995 2491 7100 8060 1323 4063
28 7584 7511 4773 8875 1465 9773 1412 7369 8036 7661 6171 8813 6612 6484 7557 8373 2312 4847 2164 3690 3564 6852 5140 894 2627 4380 9650 8753
28 5777 9031 5934 4535 9123 6753 3033 2433 943 3648 83 1460 2276 6915 512 4113 7912 440 2592 6894 201 3980 3688 2812 7705 103 1313 8816
28 1641 286 8434 7744 1210 3267 4722 4809 2525 2552 3797 8347 8035 8842 245 8688 56 7425 8113 5034 9775 4283 6899 7683 1762 4954 2829 7947
28 1048 2198 6992 8778 653 9549 4703 9943 6328 1307 4665 9821 3241 1467 8140 3657 7626 8804 2022 9711 9834 3572 1005 5946 652 9765 8978 8715
28 9189 7606 2000 8130 3702 2137 8564 6393 252 4363 6609 1206 2878 3807 4157 6629 4843 5340 4861 4670 1008 5872 9450 856 3196 2008 5029 8351
28 6423 1125 9747 4217 9621 589 8798 8022 6163 1519 4504 9871 6115 9694 1636 8990 9419 1584 4653 6555 155 142 5657 2405 2938 2959 9866 6537
28 3353 90 7695 8841 5968 9721 8834 7338 87 2947 4941 3490 5579 1188 9707 9424 3650 6649 7093 1273 2455 3673 5776 2638 1765 3906 2925 4418
28 1813 2496 1186 1275 8273 5705 6676 2409 3037 7374 1749 2647 3635 7290 2540 9312 1047 4070 6967 1757 433 3294 7897 8777 2211 8953 8151 6598
28 3423 1512 3027 4717 9033 9590 6616 8264 9949 1671 1668 5701 9158 7242 8348 2324 8370 3125 7357 2449 9265 3861 2160 3459 7807 6184 8298 9768
28 2038 5467 8286 4327 1890 6379 1750 8488 3802 4638 7209 300 239 1642 4779 6226 6617 7181 2344 5630 9493 8157 4265 4721 7518 1385 8771 3870
28 602 994 1805 7481 9428 8937 7719 2687 4630 4095 5951 258 7989 8038 5718 7763 5248 6760 3776 3761 6081 6733 3947 5665 5805 3289 5021 5473
28 6808 1035 8977 9559 1558 5990 456 1302 3724 9818 569 5124 6882 8142 1358 4146 101 3824 7433 5099 7420 8719 783 4008 5813 5678 3218 9354
28 175 626 910 850 1380 5797 8320 7296 2961 7330 452 9780 5417 2500 6670 361 2110 5389 6900 9009 6107 5710 18 9523 7386 3308 3633 9827
28 7995 4303 5653 7864 2752 397 1542 4745 8441 8477 8260 2122 865 673 8871 4488 9427 2379 2112 2898 6067 284 4613 7289 1543 9586 1027 2719
28 701 9288 810 3914 6351 6822 9467 4478 437 1089 2629 1908 1459 5761 8630 6539 9409 2299 8868 3012 129 8456 7486 3948 9705 9422 120 8265
28 4764 4949 8080 3932 2906 9777 3019 80 1098 8493 4945 5169 7237 4090 2369 958 7803 3884 6232 9965 5762 9486 9433 8520 2510 3328 7885 277
28 3875 4980 8565 2244 2186 5 4673 9172 739 2511 9917 6814 2316 7043 9091 4072 4149 8116 2271 4711 7669 5452 7461 6077 1266 2911 7322 6942
28 1572 4246 2855 4480 6284 8072 8050 3830 8005 4652 4497 8907 8352 6457 3108 8190 9469 4704 4911 3600 6913 3864 695 6431 4271 8582 3202 212
28 3440 9727 7173 69 5148 220 2642 4642 5159 9126 1643 7076 7056 8066 153 802 8996 3325 3248 3000 727 4729 3994 1714 6490 5926 4502 283
28 9601 2795 2152 9459 462 738 2129 674 2542 1980 9368 9332 6581 6176 4368 8095 4555 1640 4086 8856 7 1687 6771 9342 9679 7214 6217 4690
28 9282 2713 5197 7230 6556 53 9504 1944 7202 6708 718 2178 4376 7973 475 2283 7834 6124 9758 8457 5143 2421 2824 6076 2866 7246 4775 5007
28 4119 2351 5209 2399 5181 5051 8201 800 1064 2009 4178 1880 6178 2576 1552 9292 514 6039 7373 176 4220 1232 6858 1347 7991 5161 8402 1235
28 934 4447 1491 6092 6410 7679 930 2331 4017 7664 7131 7282 2033 8015 6418 6282 4106 325 8331 6987 6070 5753 8838 9124 9285 9080 3868 7260
28 746 8128 7329 4957 6177 8966 6634 4452 5084 893 2931 3982 8605 4180 7233 5519 3567 285 9726 4770 3966 3221 8716 9878 7280 8893 936 2661
28 7782 1925 9756 1614 1608 6322 3804 9362 3500 1971 3546 7928 6719 3269 8762 733 7676 9647 7447 1394 1534 8079 1900 2926 1333 9398 7123 7187
28 1965 1425 8399 8547 2239 6242 5201 7880 8641 5879 1092 2120 4410 1829 8787 4080 2653 5236 9085 9237 4073 1155 1633 3081 8018 4224 4556 3436
28 2851 8590 8678 667 6815 515 4069 2238 5570 6037 2590 7873 2606 3585 7146 9325 4509 1578 7479 2515 6297 1529 5305 2953 6920 575 7921 3808
28 9111 7639 1768 3698 1267 3186 2838 4273 4562 1248 2028 545 3246 5427 7012 4819 4051 241 268 4330 1200 9603 7619 1337 9134 7951 3366 7886
28 2805 5097 5917 3201 9754 9708 2301 1932 1759 4785 7037 4869 1698 4343 3271 4902 6802 9998 3539 1296 1251 5992 7977 8542 8846 2902 3008 9163
28 526 8730 4481 2042 1758 2218 1689 9533 8469 5045 5412 2935 2092 4218 5006 8168 7737 6249 5799 1844 410 6467 876 5560 6059 501 1184 537
28 6042 6152 2649 8625 9139 4817 8970 3934 5343 1242 6033 6954 9280 5808 7831 8031 4496 4035 4372 6549 5264 1859 1443 8555 6136 6028 119 7907
28 5046 2297 336 8049 7575 6125 6643 2337 4444 1792 3925 5998 9490 8334 2739 1887 5295 8321 7350 3217 890 7567 1500 4222 2054 6397 4791 5273
28 13 6319 446 8624 4716 8575 1593 5390 7468 6711 2030 2643 5830 4161 3514 1221 9066 7808 8671 6285 8785 2074 4155 9032 192 3168 6842 2155
28 8551 1271 9470 2971 7109 4718 1243 106 4247 7784 8089 6552 5438 8007 7725 5479 3639 6288 4604 4778 8059 770 4362 8788 6356 4680 2969 6121
28 152 3775 6857 3867 2966 8954 164 4692 9314 2595 7473 4582 5894 406 1137 3616 6104 481 1806 1335 4308 5437 9903 9953 7810 8305 2781 9837
28 9155 2550 7496 2384 7867 4314 4514 2489 2937 3774 8253 5291 4295 2657 8901 1488 193 595 6505 4513 2605 8229 3498 5158 581 7089 4881 8696
28 9049 3929 7871 968 3623 6255 8756 2158 2179 6606 1861 8189 5024 9448 9552 5546 1050 4836 9480 6333 5414 3358 4336 7524 1981 852 5915 4789
28 962 8468 1746 5751 3323 1681 3272 1012 2562 5012 6263 5404 2314 7792 7493 8295 9999 3790 7964 3029 2035 2575 8852 4884 2537 2041 6626 1397
28 5062 7175 7529 9891 9627 9241 6341 9350 4889 2320 9593 2370 2998 6337 6696 6841 2043 5272 1743 7956 8181 5824 9514 442 7791 624 1739 202
28 8097 3169 4507 3278 3 3238 5125 9880 6236 6268 6705 6238 3488 5993 8796 5758 6492 3184 2131 5697 959 3823 2905 1790 5569 3092 3956 3504
28 3155 6154 6151 477 82 3836 1804 3513 8528 9254 7522 5083 2416 8384 2982 7515 7750 2321 976 347 1949 3070 9508 7453 2505 448 8132 2630
28 1587 9498 3899 7060 5999 5210 7239 5457 1767 1301 7243 6674 4402 6253 7882 9823 8707 3432 6789 9512 6259 217 6702 8606 7508 8272 1928 6656
28 6424 8568 9131 3746 8751 5144 1344 380 2281 1317 8573 6813 55 339 2220 3102 1088 3885 7003 8767 1355 4427 880 2046 7746 1446 7474 5561
28 1386 4236 1021 2396 6283 1276 2918 3556 4758 3908 2260 997 6368 1621 6398 7385 7622 1623 4595 9088 6645 9550 10 3112 196 2345 5481 4625
28 1753 8440 3460 5310 8445 4567 9356 9583 7078 1259 9173 7983 5108 3382 4277 2278 8867 8313 6736 1649 7434 2089 2883 3219 547 2907 3062 1627
28 4322 27 8073 9019 7232 7957 5637 8741 5301 7450 9482 4344 4179 2817 3096 2193 6334 9528 9676 3792 1432 7389 1031 8527 730 9463 6737 3570
28 5057 275 34 9930 5226 6481 2673 9939 6473 7462 8245 1915 2900 8137 6450 5565 8028 1950 3142 5602 7530 708 4505 8672 4479 2306 5050 2504
28 4071 8207 1751 1926 2135 1283 7299 6744 5401 1692 9090 1163 3686 2973 1409 2034 6621 4534 1291 4846 6662 9722 3578 5615 9148 4590 8539 7747
28 8315 3235 8415 7969 9454 408 9961 8620 9451 7812 1349 6098 2520 6026 1530 7681 3740 8866 5927 913 4041 3309 8763 197 6660 4735 1533 3375
28 1769 8383 8400 6363 5940 9462 6710 8423 7046 1020 3228 584 3456 8925 7199 5378 7500 1732 8016 7959 2222 1202 8647 3111 2709 5543 5002 8964
28 558 5388 9506 6234 5117 5318 2770 4524 8541 9548 1899 9677 331 805 5202 5956 2111 180 244 1729 9638 8075 8739 6339 7463 4698 9188 2623
28 2182 5557 1066 9052 3442 2775 590 7278 7916 1118 1309 8144 7340 9 2464 1783 8139 354 1684 3915 9245 29 632 6086 6533 4913 9786 7348
28 6669 1359 5529 8717 2930 1913 7538 107 1602 2183 1419 6997 7877 7623 7844 2256 9659 9070 2045 488 469 3469 5300 1580 8409 3979 4866 496
28 8099 8406 8026 1675 3992 3755 1487 499 7755 4542 8213 5694 3622 4074 5426 7909 2364 3419 2726 3999 3497 506 9819 6248 6169 2268 6564 8096
28 7828 9243 2557 2037 5520 1257 6727 9182 1121 2558 2522 2020 9303 9279 2939 981 7221 3193 2598 672 1528 1827 8308 3510 9788 2067 3381 4747
28 138 9447 5069 2769 5423 8421 9665 3299 685 2955 8677 1389 9833 5450 1063 4814 5484 4453 7314 260 3874 4173 9198 9020 9143 9723 5216 4977
28 6603 7216 227 3264 6000 238 6427 8256 9149 7743 1493 2857 5200 7077 5067 4756 3576 2910 5572 5871 7193 9013 2612 3842 9476 9687 6650 7559
28 2993 596 9075 1700 5456 5229 3225 3480 565 4334 9910 4892 7846 4045 8148 6530 9103 1581 4786 4668 7302 267 5445 4927 6013 166 4940 7899
28 660 1831 9951 9130 4144 2101 9989 9648 1839 4272 4544 3434 7247 6508 1830 5662 5447 2660 7127 3789 7565 4971 8188 6011 4820 4352 7362 6279
28 2452 5336 49 6961 7116 4104 8239 4387 5278 2243 9815 2887 115 1314 1451 9810 7630 9487 7573 7051 4234 9399 9950 5337 8117 4699 8774 3876
28 9215 1191 6778 2252 6073 9391 2782 7541 9327 1039 1622 2913 2877 1103 8341 938 4610 7210 9730 864 1357 6679 7480 8515 2094 2357 6974 711
28 6392 8447 8017 8438 1220 7728 8609 5296 9554 6329 3506 9092 5611 2428 2970 2888 6353 7231 4719 5087 4920 7263 9348 5677 2567 9423 4354 1990
28 9988 1942 2418 8890 3177 3851 8790 8646 9436 363 5192 2184 5162 9824 7924 9197 8758 5495 8973 4269 2773 4569 5624 8203 8979 4518 5635 2587
28 3256 5613 1924 6459 4152 4304 7464 6979 7163 2083 532 4284 2818 4617 4213 1382 9169 7570 8300 5164 3509 293 9905 3493 7396 7804 8514 8009
28 7822 1062 6093 659 7416 3049 7061 2313 5168 7709 2763 2188 7701 8814 6175 7212 5741 6343 8674 9396 8069 1019 7857 787 8559 4237 8619 9343
28 5919 5939 7421 9219 5910 1604 3479 5376 5510 3398 5509 7059 92 6749 6338 6075 955 8041 1563 776 707 712 3374 4531 7413 8024 9968 9527
28 7937 4796 281 2940 2253 4393 4486 8828 8004 323 5175 1069 5905 3974 4120 7124 6518 588 9920 4725 7904 4484 752 978 4973 9904 2620 9556
28 9435 8472 915 9606 4834 7621 1009 6212 8687 5508 161 1214 3095 3377 6426 4340 3869 536 1624 7640 162 1646 4319 4584 9517 5471 836 6625
28 4960 2803 3640 6474 3455 8462 5619 2738 4003 8309 9970 301 5063 1661 751 2326 1117 8119 5977 5929 458 7818 661 640 1798 3522 7593 9558
28 1577 9538 6294 1822 3050 7430 33 243 1549 5133 546 6224 2121 7696 9877 2315 8401 2929 4499 7067 3924 137 5380 4490 8782 3697 5361 511
28 7609 4989 4238 5128 6563 6292 6703 6295 8274 3989 3986 2548 7459 9411 9931 9617 8773 6045 9530 7507 329 1018 1841 3098 1316 9991 7934 9510
28 6638 2583 5886 9039 3744 8046 3669 2853 4521 7876 3379 5000 7072 2534 7893 2872 7438 4541 3255 8086 4558 7452 2978 5812 1393 9452 7697 5644
28 1817 846 2777 6889 3164 2279 6267 7393 8876 9274 6914 7766 3705 3806 7099 1122 6768 8396 7632 165 364 6903 8706 1470 8081 1071 6269 2217
28 3236 6980 3575 9128 1855 6868 9599 9393 3887 6847 9760 644 3798 3132 3180 6930 5187 1336 1591 8312 3206 3676 6139 6022 5711 5918 6524 5044
28 9714 6683 5077 1100 3367 6985 2608 9762 9994 2457 3743 1292 8435 1873 1719 8860 6403 9534 4023 5338 2196 8951 1112 1237 6503 3421 6542 9255
28 445 6347 8297 9804 2051 2024 5580 4454 7405 790 2928 3955 2577 231 5732 6545 1376 1780 3621 1992 1078 1153 2694 6534 621 9505 1875 9914
28 7633 8366 191 5349 9484 3118 6105 6738 7693 8603 1158 8106 3849 4098 3152 8759 2419 3594 4618 8452 5902 8344 8302 3141 8712 2441 6189 4871
28 7148 23 8969 7699 2633 5610 956 794 8627 4958 2924 2412 8512 5265 7431 3677 4244 9405 9597 6346 7444 2443 3542 8823 6867 3664 2099 6730
28 7324 3628 1285 5116 2212 1612 6007 7840 3912 3229 5350 2355 2465 9389 4761 9570 7733 2307 8056 8524 1324 8342 8929 1786 7192 7900 1350 9192
28 3145 9589 4996 6936 404 555 8913 4672 1797 6697 6856 5699 4132 6945 9299 3301 6396 2227 7283 1159 8405 1481 6661 1834 7152 5092 4707 9404
28 6197 6720 3383 3322 9640 7668 8093 3439 6186 5474 2100 2946 600 6291 533 6653 5806 1231 483 4876 7497 1953 9004 3729 2703 3345 4897 3071
28 2672 811 2069 9286 8074 1441 385 311 3130 6472 5983 5818 9370 9672 7363 369 5880 1502 8997 2023 786 5088 1061 4105 8516 9987 3826 1864
28 8849 6062 5914 9811 873 7381 630 4089 1603 5687 4782 4873 6386 2645 3753 3470 3890 2488 4879 4982 9843 897 6209 692 1227 8225 8548 5690
28 4804 3632 2604 3350 5151 791 3573 2674 6331 6385 1435 3817 3879 580 8621 9564 8319 9709 9896 9125 5203 1989 7360 5582 843 8596 6498 7460
28 207 405 1067 9785 5713 289 5925 8649 3678 4888 7328 7958 8666 8255 5752 6786 5239 2229 631 5891 9938 5190 4790 9034 3710 1464 6810 7641
28 1141 3505 7611 3866 2013 7158 9121 9437 425 257 715 6693 2859 1029 264 3067 6180 7410 7762 2641 7945 2655 5120 9069 253 7319 3872 7063
28 993 1893 9492 3172 1448 3332 8285 5639 670 2646 648 2116 6728 5839 4312 6432 7206 4654 5986 7646 4675 8888 6799 6832 5536 451 7839 6596
28 5465 726 2005 8949 2395 8651 3997 4048 7597 6860 9526 8832 1650 125 4851 6698 2445 9567 6307 3475 1902 2669 6911 3045 2093 5667 9018 2582
28 4616 9417 5938 3950 5460 9915 5857 4950 9289 5407 4818 911 1097 1936 1453 1736 4522 478 6775 8048 5892 2199 7490 9074 4702 7726 2431 2791
28 2636 698 4503 3682 9520 7842 9565 7561 1477 615 9839 2610 2390 782 2151 4934 8226 1213 8230 1180 5788 8014 3483 4042 2712 556 5513 900
28 8995 4632 502 9966 3557 6464 3001 2027 5496 4792 3892 359 6206 7346 8490 7558 6306 8491 2662 8705 4528 1129 5719 5629 3959 2487 6960 3021
28 7914 3247 498 9224 7177 2167 5435 8001 266 8466 753 6582 1303 5122 639 4727 9140 2492 8839 2127 1438 3626 316 4959 2170 769 1484 3386
28 9340 4805 9787 961 2343 7952 319 4315 2707 5397 7925 1630 8722 2082 4855 611 9893 8082 3945 6558 5663 3133 7998 7713 7738 8484 3957 7215
28 9742 9136 8850 2963 8471 15 7598 6409 7142 7419 5036 7377 4599 8149 6742 2187 2568 8269 9511 6004 6031 4000 9201 1454 6704 1022 1136 6164
28 8407 7494 417 1964 5258 9165 6990 2435 9808 1360 1564 7830 6352 9010 1667 6607 3319 7476 7333 8397 2486 9496 932 2261 5466 8959 3769 7908
28 601 4433 4944 817 9974 9027 6099 7240 4931 6412 3035 741 9739 2551 2348 492 263 2702 5636 8656 6880 7301 5571 9065 4291 8228 4345 5033
28 4077 7487 9251 1417 3845 8266 5079 7227 4264 4929 3494 2502 9618 2056 7265 3978 9295 6110 8608 2458 5004 1782 372 8174 5870 4592 6240 1993
28 9872 2202 665 9592 4009 5360 5167 888 4640 6364 4728 3453 1280 3393 1070 8051 2200 2270 4399 1230 9275 9631 8433 4450 7617 5054 9100 1773
28 1109 9826 1816 8464 8204 6485 6866 1194 2274 7670 3863 6449 9068 1294 9390 5485 3204 1941 1619 1356 8863 7600 1857 3727 9698 1655 7294 4978
28 666 7704 5740 896 9515 4082 184 2950 9854 3105 2062 1585 1044 5027 210 254 6807 8571 508 9386 5961 8408 8393 8306 7050 3816 8360 9802
28 3877 352 8134 6030 3764 5478 2637 484 4194 5068 9575 3563 567 4160 8489 758 5174 4299 9083 935 4102 1570 8160 455 426 5948 824 9969
28 1938 6425 7358 4824 5244 2569 7605 6218 8638 2654 6574 6145 7589 213 4317 5730 1858 5554 3773 7685 7198 2875 8742 9277 9863 8487 6639 8114
28 8090 2090 8481 7516 9772 6580 8958 3821 8398 7415 3277 9072 8538 4748 6846 8175 4570 6443 535 5676 8809 3023 3996 4664 641 951 1345 3642
28 3815 6785 8592 5483 4123 7637 43 36 1897 8988 2426 4266 3284 8807 3723 3512 3043 840 4451 7506 7454 8010 5981 399 9710 2999 870 447
28 5370 3503 3643 5387 4655 8992 5323 6274 8783 3487 8369 1747 7620 5909 5104 9794 6850 538 3973 2861 9298 4075 3066 1209 5110 3962 1106 7775
28 2378 6001 5865 1835 8693 8681 6859 3647 1810 4040 2011 7432 709 6345 6895 9830 7218 5393 6054 7825 136 5518 6273 4905 8981 7261 4540 2480
28 4852 9957 3339 1499 5598 7176 1770 1149 2788 1074 4435 8552 345 4578 7167 3599 471 4085 8419 4899 6108 1501 9661 8779 731 6823 561 1868
28 8546 4397 5908 6117 6113 1740 9238 1735 5935 51 8862 2948 916 5720 5114 3662 8196 444 8947 1561 3624 7204 808 4631 7164 2544 4254 5707
28 5354 7030 2836 7707 2747 2519 7891 2797 9425 5142 7032 9051 5913 729 5346 2219 7236 5692 72 6803 767 9377 5234 3208 6447 6303 4714 2659
28 3265 1038 4088 1278 2914 610 4137 5163 5969 7955 4153 67 8248 9455 1142 3250 222 5773 591 6896 8806 6636 8169 9582 1705 3652 2215 2681
28 5955 3665 4214 130 338 7865 173 3420 8316 9376 7352 5292 4092 1418 2077 7378 4059 5617 9239 3738 5743 4121 3910 6251 6783 321 6149 7049
28 9328 3179 1818 9669 7482 1994 9745 8263 9267 6715 5647 6434 109 9261 4669 9852 8837 7563 3569 5469 7686 8635 8940 6761 882 4552 7066 2611
28 8644 9850 1779 8745 8237 62 6395 9107 4079 2802 8067 4914 5080 918 3692 131 8310 755 8054 7797 8467 2190 7714 7094 6360 9438 1559 4275
28 1472 4057 7042 7351 7519 7286 7412 9133 2832 4520 9281 4136 1489 7962 8560 3343 3820 9174 2460 7372 3658 5221 3713 8032 3993 2189 7537 7936
28 4049 4166 89 2570 2746 5883 3541 1420 9499 4997 1708 3846 1962 3034 5786 6851 1495 9465 7495 2676 9373 7665 5286 3527 5809 4600 2213 5208
28 3562 3171 5185 4917 4784 6027 5228 3182 3654 7135 2891 8892 387 7919 3920 4614 6905 1073 6087 7403 139 6723 3135 9170 415 9113 2493 1177
28 4473 1896 5113 7161 3139 6746 6167 3803 7993 4241 4293 3020 1490 8915 3786 2757 6466 2133 2272 2361 4709 9306 1527 2962 3717 8916 4962 2494
28 3611 7720 128 5534 3898 1042 5433 8251 194 2230 1228 310 781 4602 7088 3400 6009 3329 3714 4333 6886 298 828 7457 5907 5844 696 233
28 8724 7708 4808 6620 5182 2677 964 2499 2892 8122 3402 1172 8426 8279 3747 5648 4740 6487 6839 4206 1922 2588 8088 737 2275 8011 966 124
28 9284 8339 3333 3373 8162 1133 7110 9975 5369 8013 4844 4212 2833 5962 9609 3213 4094 3327 4357 2871 5607 8287 2483 7551 9099 1801 1001 7272
28 3363 5967 6819 4046 6922 6766 7526 2613 4325 833 7071 8769 924 1046 9935 9598 1161 3378 9518 6529 7274 7169 4979 3687 6654 3668 1268 7021
28 570 7343 6890 4442 1260 5224 308 5556 2601 7815 5584 9964 1796 376 2869 86 381 2521 4826 4285 668 1912 6289 9253 6921 467 6235 5392
28 671 6597 6959 2140 9790 7488 5353 3520 902 1431 7275 6849 1144 4420 8124 7200 904 1702 9473 7211 7269 4324 3084 9524 6002 9293 3403 4712
28 9321 534 1192 9378 1907 5058 1414 3195 1032 2509 8889 8350 1262 643 7018 6644 5958 5651 2639 748 1513 9176 732 2269 5231 8792 2786 3748
28 4661 2335 4803 1756 7528 221 7467 8506 1871 3166 1647 9855 5451 664 48 2979 8210 1338 2650 4863 3223 4342 7128 4360 2514 9615 8268 1298
28 4760 4392 2263 8906 5308 4278 8791 8463 1326 4691 6918 5442 259 157 6483 2581 64 8684 8800 4491 728 6840 8836 218 1881 2616 3305 1508
28 8057 8835 8143 4777 931 3537 1865 6971 7390 472 9793 76 9278 5048 3888 6565 2245 912 3414 2688 1388 1110 1974 9667 9912 8918 3580 3107
28 8346 3551 5476 1442 952 5867 7065 6919 2207 5028 3286 3310 8752 4743 7310 1571 6884 5357 2473 3900 6805 1966 6478 9082 2749 340 8387 6055
28 5500 3181 928 3462 1241 208 771 1127 2846 313 881 5770 3136 8864 9588 9757 7889 5385 4894 6023 3270 7055 7019 3450 4026 7789 4339 6835
28 5262 9166 7581 5668 5829 9302 2591 9461 1370 8944 9110 7554 5219 2903 4332 5505 7881 1523 8303 3052 3338 520 7799 9865 5633 9748 5551 5674
28 8709 6671 7014 5461 9816 8726 9394 3489 3156 2909 1166 1524 394 1401 700 6119 2485 812 9783 6870 7137 1506 8985 4367 9542 7002 8945 2367
28 5552 6497 6475 4311 4227 1236 7988 6874 5146 4679 7767 933 986 2632 8422 903 8414 6387 1087 6937 315 3165 9637 3946 9642 5609 7841 5320
28 4753 8432 271 170 2147 9489 1340 8553 5861 8689 7000 2826 6010 8436 3495 2475 2945 4609 4886 7160 9574 8449 186 7647 2448 491 2456 8618
28 9594 839 1670 7724 6995 81 6686 5177 7629 7610 3548 5791 3923 1914 6692 7778 3805 5186 1823 7547 7293 5922 1017 7125 5950 6513 8216 7540
